2024-02-12T02:55:34.861+05:30  INFO 12348 --- [main] c.h.amazecare.AmazeCareApplication       : Starting AmazeCareApplication using Java 17.0.9 with PID 12348 (D:\STS workspace\AmazeCare\target\classes started by 91700 in D:\STS workspace\amazecare)
2024-02-12T02:55:34.879+05:30  INFO 12348 --- [main] c.h.amazecare.AmazeCareApplication       : No active profile set, falling back to 1 default profile: "default"
2024-02-12T02:55:37.043+05:30  INFO 12348 --- [main] .s.d.r.c.RepositoryConfigurationDelegate : Bootstrapping Spring Data JPA repositories in DEFAULT mode.
2024-02-12T02:55:37.230+05:30  INFO 12348 --- [main] .s.d.r.c.RepositoryConfigurationDelegate : Finished Spring Data repository scanning in 168 ms. Found 9 JPA repository interfaces.
2024-02-12T02:55:38.925+05:30  INFO 12348 --- [main] o.s.b.w.embedded.tomcat.TomcatWebServer  : Tomcat initialized with port(s): 8080 (http)
2024-02-12T02:55:38.952+05:30  INFO 12348 --- [main] o.apache.catalina.core.StandardService   : Starting service [Tomcat]
2024-02-12T02:55:38.953+05:30  INFO 12348 --- [main] o.apache.catalina.core.StandardEngine    : Starting Servlet engine: [Apache Tomcat/10.1.18]
2024-02-12T02:55:39.261+05:30  INFO 12348 --- [main] o.a.c.c.C.[Tomcat].[localhost].[/]       : Initializing Spring embedded WebApplicationContext
2024-02-12T02:55:39.263+05:30  INFO 12348 --- [main] w.s.c.ServletWebServerApplicationContext : Root WebApplicationContext: initialization completed in 4244 ms
2024-02-12T02:55:39.644+05:30  INFO 12348 --- [main] o.hibernate.jpa.internal.util.LogHelper  : HHH000204: Processing PersistenceUnitInfo [name: default]
2024-02-12T02:55:39.809+05:30  INFO 12348 --- [main] org.hibernate.Version                    : HHH000412: Hibernate ORM core version 6.2.20.Final
2024-02-12T02:55:39.819+05:30  INFO 12348 --- [main] org.hibernate.cfg.Environment            : HHH000406: Using bytecode reflection optimizer
2024-02-12T02:55:40.522+05:30  INFO 12348 --- [main] o.s.o.j.p.SpringPersistenceUnitInfo      : No LoadTimeWeaver setup: ignoring JPA class transformer
2024-02-12T02:55:40.603+05:30  INFO 12348 --- [main] com.zaxxer.hikari.HikariDataSource       : HikariPool-1 - Starting...
2024-02-12T02:55:41.505+05:30  INFO 12348 --- [main] com.zaxxer.hikari.pool.HikariPool        : HikariPool-1 - Added connection com.mysql.cj.jdbc.ConnectionImpl@56299b0e
2024-02-12T02:55:41.510+05:30  INFO 12348 --- [main] com.zaxxer.hikari.HikariDataSource       : HikariPool-1 - Start completed.
2024-02-12T02:55:41.648+05:30  WARN 12348 --- [main] org.hibernate.orm.deprecation            : HHH90000025: MySQL8Dialect does not need to be specified explicitly using 'hibernate.dialect' (remove the property setting and it will be selected by default)
2024-02-12T02:55:41.651+05:30  WARN 12348 --- [main] org.hibernate.orm.deprecation            : HHH90000026: MySQL8Dialect has been deprecated; use org.hibernate.dialect.MySQLDialect instead
2024-02-12T02:55:44.361+05:30  INFO 12348 --- [main] o.h.e.t.j.p.i.JtaPlatformInitiator       : HHH000489: No JTA platform available (set 'hibernate.transaction.jta.platform' to enable JTA platform integration)
2024-02-12T02:55:44.651+05:30  INFO 12348 --- [main] j.LocalContainerEntityManagerFactoryBean : Initialized JPA EntityManagerFactory for persistence unit 'default'
2024-02-12T02:55:45.788+05:30  INFO 12348 --- [main] o.s.d.j.r.query.QueryEnhancerFactory     : Hibernate is in classpath; If applicable, HQL parser will be used.
2024-02-12T02:55:47.665+05:30  WARN 12348 --- [main] JpaBaseConfiguration$JpaWebConfiguration : spring.jpa.open-in-view is enabled by default. Therefore, database queries may be performed during view rendering. Explicitly configure spring.jpa.open-in-view to disable this warning
2024-02-12T02:55:49.470+05:30  INFO 12348 --- [main] o.s.s.web.DefaultSecurityFilterChain     : Will secure any request with [org.springframework.security.web.session.DisableEncodeUrlFilter@2b33553b, org.springframework.security.web.context.request.async.WebAsyncManagerIntegrationFilter@4ba62429, org.springframework.security.web.context.SecurityContextHolderFilter@1d891373, org.springframework.security.web.header.HeaderWriterFilter@64cde9a5, org.springframework.security.web.authentication.logout.LogoutFilter@17fe4f0f, com.hexaware.amazecare.filter.JwtAuthFilter@52a3eba3, org.springframework.security.web.savedrequest.RequestCacheAwareFilter@356285d9, org.springframework.security.web.servletapi.SecurityContextHolderAwareRequestFilter@6409a49a, org.springframework.security.web.authentication.AnonymousAuthenticationFilter@5a3e2035, org.springframework.security.web.session.SessionManagementFilter@1bb59da3, org.springframework.security.web.access.ExceptionTranslationFilter@1d0e2c96, org.springframework.security.web.access.intercept.AuthorizationFilter@353ab9e5]
2024-02-12T02:55:50.254+05:30  INFO 12348 --- [main] o.s.b.w.embedded.tomcat.TomcatWebServer  : Tomcat started on port(s): 8080 (http) with context path ''
2024-02-12T02:55:50.279+05:30  INFO 12348 --- [main] c.h.amazecare.AmazeCareApplication       : Started AmazeCareApplication in 16.387 seconds (process running for 18.301)
2024-02-12T02:55:58.797+05:30  INFO 12348 --- [RMI TCP Connection(2)-127.0.0.1] inMXBeanRegistrar$SpringApplicationAdmin : Application shutdown requested.
2024-02-12T02:55:58.851+05:30  INFO 12348 --- [RMI TCP Connection(2)-127.0.0.1] o.apache.catalina.core.StandardService   : Stopping service [Tomcat]
2024-02-12T02:55:58.862+05:30  WARN 12348 --- [RMI TCP Connection(2)-127.0.0.1] o.a.c.loader.WebappClassLoaderBase       : The web application [ROOT] appears to have started a thread named [HikariPool-1 housekeeper] but has failed to stop it. This is very likely to create a memory leak. Stack trace of thread:
 java.base@17.0.9/jdk.internal.misc.Unsafe.park(Native Method)
 java.base@17.0.9/java.util.concurrent.locks.LockSupport.parkNanos(LockSupport.java:252)
 java.base@17.0.9/java.util.concurrent.locks.AbstractQueuedSynchronizer$ConditionObject.awaitNanos(AbstractQueuedSynchronizer.java:1672)
 java.base@17.0.9/java.util.concurrent.ScheduledThreadPoolExecutor$DelayedWorkQueue.take(ScheduledThreadPoolExecutor.java:1182)
 java.base@17.0.9/java.util.concurrent.ScheduledThreadPoolExecutor$DelayedWorkQueue.take(ScheduledThreadPoolExecutor.java:899)
 java.base@17.0.9/java.util.concurrent.ThreadPoolExecutor.getTask(ThreadPoolExecutor.java:1062)
 java.base@17.0.9/java.util.concurrent.ThreadPoolExecutor.runWorker(ThreadPoolExecutor.java:1122)
 java.base@17.0.9/java.util.concurrent.ThreadPoolExecutor$Worker.run(ThreadPoolExecutor.java:635)
 java.base@17.0.9/java.lang.Thread.run(Thread.java:840)
2024-02-12T02:55:58.890+05:30  INFO 12348 --- [RMI TCP Connection(2)-127.0.0.1] j.LocalContainerEntityManagerFactoryBean : Closing JPA EntityManagerFactory for persistence unit 'default'
2024-02-12T02:55:58.894+05:30  INFO 12348 --- [RMI TCP Connection(2)-127.0.0.1] com.zaxxer.hikari.HikariDataSource       : HikariPool-1 - Shutdown initiated...
2024-02-12T02:55:58.919+05:30  INFO 12348 --- [RMI TCP Connection(2)-127.0.0.1] com.zaxxer.hikari.HikariDataSource       : HikariPool-1 - Shutdown completed.
2024-02-12T11:46:45.599+05:30  INFO 7412 --- [main] c.h.amazecare.AmazeCareApplication       : Starting AmazeCareApplication using Java 17.0.9 with PID 7412 (F:\Hexaware\Jan_java FSD\Java code\AmazeCare\target\classes started by yadee in F:\Hexaware\Jan_java FSD\Java code\AmazeCare)
2024-02-12T11:46:45.601+05:30  INFO 7412 --- [main] c.h.amazecare.AmazeCareApplication       : No active profile set, falling back to 1 default profile: "default"
2024-02-12T11:46:46.500+05:30  INFO 7412 --- [main] .s.d.r.c.RepositoryConfigurationDelegate : Bootstrapping Spring Data JPA repositories in DEFAULT mode.
2024-02-12T11:46:46.562+05:30  INFO 7412 --- [main] .s.d.r.c.RepositoryConfigurationDelegate : Finished Spring Data repository scanning in 54 ms. Found 9 JPA repository interfaces.
2024-02-12T11:46:47.509+05:30  INFO 7412 --- [main] o.s.b.w.embedded.tomcat.TomcatWebServer  : Tomcat initialized with port(s): 8080 (http)
2024-02-12T11:46:47.517+05:30  INFO 7412 --- [main] o.apache.catalina.core.StandardService   : Starting service [Tomcat]
2024-02-12T11:46:47.517+05:30  INFO 7412 --- [main] o.apache.catalina.core.StandardEngine    : Starting Servlet engine: [Apache Tomcat/10.1.18]
2024-02-12T11:46:47.610+05:30  INFO 7412 --- [main] o.a.c.c.C.[Tomcat].[localhost].[/]       : Initializing Spring embedded WebApplicationContext
2024-02-12T11:46:47.611+05:30  INFO 7412 --- [main] w.s.c.ServletWebServerApplicationContext : Root WebApplicationContext: initialization completed in 1977 ms
2024-02-12T11:46:47.712+05:30  INFO 7412 --- [main] o.hibernate.jpa.internal.util.LogHelper  : HHH000204: Processing PersistenceUnitInfo [name: default]
2024-02-12T11:46:47.767+05:30  INFO 7412 --- [main] org.hibernate.Version                    : HHH000412: Hibernate ORM core version 6.2.20.Final
2024-02-12T11:46:47.770+05:30  INFO 7412 --- [main] org.hibernate.cfg.Environment            : HHH000406: Using bytecode reflection optimizer
2024-02-12T11:46:47.994+05:30  INFO 7412 --- [main] o.s.o.j.p.SpringPersistenceUnitInfo      : No LoadTimeWeaver setup: ignoring JPA class transformer
2024-02-12T11:46:48.019+05:30  INFO 7412 --- [main] com.zaxxer.hikari.HikariDataSource       : HikariPool-1 - Starting...
2024-02-12T11:46:48.303+05:30  INFO 7412 --- [main] com.zaxxer.hikari.pool.HikariPool        : HikariPool-1 - Added connection com.mysql.cj.jdbc.ConnectionImpl@8d810f2
2024-02-12T11:46:48.305+05:30  INFO 7412 --- [main] com.zaxxer.hikari.HikariDataSource       : HikariPool-1 - Start completed.
2024-02-12T11:46:48.369+05:30  WARN 7412 --- [main] org.hibernate.orm.deprecation            : HHH90000025: MySQL8Dialect does not need to be specified explicitly using 'hibernate.dialect' (remove the property setting and it will be selected by default)
2024-02-12T11:46:48.371+05:30  WARN 7412 --- [main] org.hibernate.orm.deprecation            : HHH90000026: MySQL8Dialect has been deprecated; use org.hibernate.dialect.MySQLDialect instead
2024-02-12T11:46:49.279+05:30  INFO 7412 --- [main] o.h.e.t.j.p.i.JtaPlatformInitiator       : HHH000489: No JTA platform available (set 'hibernate.transaction.jta.platform' to enable JTA platform integration)
2024-02-12T11:46:49.396+05:30  INFO 7412 --- [main] j.LocalContainerEntityManagerFactoryBean : Initialized JPA EntityManagerFactory for persistence unit 'default'
2024-02-12T11:46:49.756+05:30  INFO 7412 --- [main] o.s.d.j.r.query.QueryEnhancerFactory     : Hibernate is in classpath; If applicable, HQL parser will be used.
2024-02-12T11:46:50.316+05:30  WARN 7412 --- [main] JpaBaseConfiguration$JpaWebConfiguration : spring.jpa.open-in-view is enabled by default. Therefore, database queries may be performed during view rendering. Explicitly configure spring.jpa.open-in-view to disable this warning
2024-02-12T11:46:50.876+05:30  INFO 7412 --- [main] o.s.s.web.DefaultSecurityFilterChain     : Will secure any request with [org.springframework.security.web.session.DisableEncodeUrlFilter@2ac42ce6, org.springframework.security.web.context.request.async.WebAsyncManagerIntegrationFilter@4fa78886, org.springframework.security.web.context.SecurityContextHolderFilter@68c7162b, org.springframework.security.web.header.HeaderWriterFilter@3d48674, org.springframework.security.web.authentication.logout.LogoutFilter@29b78b34, com.hexaware.amazecare.filter.JwtAuthFilter@401b7226, org.springframework.security.web.savedrequest.RequestCacheAwareFilter@593fcbe7, org.springframework.security.web.servletapi.SecurityContextHolderAwareRequestFilter@1bb59da3, org.springframework.security.web.authentication.AnonymousAuthenticationFilter@2a4d34b2, org.springframework.security.web.session.SessionManagementFilter@65227bd6, org.springframework.security.web.access.ExceptionTranslationFilter@216bd6cd, org.springframework.security.web.access.intercept.AuthorizationFilter@17fe4f0f]
2024-02-12T11:46:51.126+05:30  INFO 7412 --- [main] o.s.b.w.embedded.tomcat.TomcatWebServer  : Tomcat started on port(s): 8080 (http) with context path ''
2024-02-12T11:46:51.133+05:30  INFO 7412 --- [main] c.h.amazecare.AmazeCareApplication       : Started AmazeCareApplication in 5.872 seconds (process running for 6.53)
2024-02-12T11:51:45.715+05:30  INFO 7412 --- [http-nio-8080-exec-2] o.a.c.c.C.[Tomcat].[localhost].[/]       : Initializing Spring DispatcherServlet 'dispatcherServlet'
2024-02-12T11:51:45.715+05:30  INFO 7412 --- [http-nio-8080-exec-2] o.s.web.servlet.DispatcherServlet        : Initializing Servlet 'dispatcherServlet'
2024-02-12T11:51:45.717+05:30  INFO 7412 --- [http-nio-8080-exec-2] o.s.web.servlet.DispatcherServlet        : Completed initialization in 2 ms
2024-02-12T11:51:45.820+05:30  INFO 7412 --- [http-nio-8080-exec-2] c.h.amazecare.service.PatientServiceImp  : Request initated to register patient
2024-02-12T11:55:32.872+05:30  INFO 7412 --- [http-nio-8080-exec-8] c.h.amazecare.service.PatientServiceImp  : Request initiated to update patient with id: 0
2024-02-12T11:55:32.892+05:30  INFO 7412 --- [http-nio-8080-exec-8] c.h.amazecare.service.PatientServiceImp  : Patient details updated successfully 
2024-02-12T12:11:55.082+05:30  INFO 7412 --- [RMI TCP Connection(27)-127.0.0.1] inMXBeanRegistrar$SpringApplicationAdmin : Application shutdown requested.
2024-02-12T12:11:55.092+05:30  INFO 7412 --- [RMI TCP Connection(27)-127.0.0.1] o.apache.catalina.core.StandardService   : Stopping service [Tomcat]
2024-02-12T12:11:55.093+05:30  INFO 7412 --- [RMI TCP Connection(27)-127.0.0.1] o.a.c.c.C.[Tomcat].[localhost].[/]       : Destroying Spring FrameworkServlet 'dispatcherServlet'
2024-02-12T12:11:55.095+05:30  WARN 7412 --- [RMI TCP Connection(27)-127.0.0.1] o.a.c.loader.WebappClassLoaderBase       : The web application [ROOT] appears to have started a thread named [HikariPool-1 housekeeper] but has failed to stop it. This is very likely to create a memory leak. Stack trace of thread:
 java.base@17.0.9/jdk.internal.misc.Unsafe.park(Native Method)
 java.base@17.0.9/java.util.concurrent.locks.LockSupport.parkNanos(LockSupport.java:252)
 java.base@17.0.9/java.util.concurrent.locks.AbstractQueuedSynchronizer$ConditionObject.awaitNanos(AbstractQueuedSynchronizer.java:1672)
 java.base@17.0.9/java.util.concurrent.ScheduledThreadPoolExecutor$DelayedWorkQueue.take(ScheduledThreadPoolExecutor.java:1182)
 java.base@17.0.9/java.util.concurrent.ScheduledThreadPoolExecutor$DelayedWorkQueue.take(ScheduledThreadPoolExecutor.java:899)
 java.base@17.0.9/java.util.concurrent.ThreadPoolExecutor.getTask(ThreadPoolExecutor.java:1062)
 java.base@17.0.9/java.util.concurrent.ThreadPoolExecutor.runWorker(ThreadPoolExecutor.java:1122)
 java.base@17.0.9/java.util.concurrent.ThreadPoolExecutor$Worker.run(ThreadPoolExecutor.java:635)
 java.base@17.0.9/java.lang.Thread.run(Thread.java:840)
2024-02-12T12:11:55.101+05:30  INFO 7412 --- [RMI TCP Connection(27)-127.0.0.1] j.LocalContainerEntityManagerFactoryBean : Closing JPA EntityManagerFactory for persistence unit 'default'
2024-02-12T12:11:55.103+05:30  INFO 7412 --- [RMI TCP Connection(27)-127.0.0.1] com.zaxxer.hikari.HikariDataSource       : HikariPool-1 - Shutdown initiated...
2024-02-12T12:11:55.110+05:30  INFO 7412 --- [RMI TCP Connection(27)-127.0.0.1] com.zaxxer.hikari.HikariDataSource       : HikariPool-1 - Shutdown completed.
2024-02-12T12:12:20.570+05:30  INFO 13272 --- [main] c.h.amazecare.AmazeCareApplication       : Starting AmazeCareApplication using Java 17.0.9 with PID 13272 (F:\Hexaware\Jan_java FSD\Java code\AmazeCare\target\classes started by yadee in F:\Hexaware\Jan_java FSD\Java code\AmazeCare)
2024-02-12T12:12:20.572+05:30  INFO 13272 --- [main] c.h.amazecare.AmazeCareApplication       : No active profile set, falling back to 1 default profile: "default"
2024-02-12T12:12:21.103+05:30  INFO 13272 --- [main] .s.d.r.c.RepositoryConfigurationDelegate : Bootstrapping Spring Data JPA repositories in DEFAULT mode.
2024-02-12T12:12:21.164+05:30  INFO 13272 --- [main] .s.d.r.c.RepositoryConfigurationDelegate : Finished Spring Data repository scanning in 54 ms. Found 9 JPA repository interfaces.
2024-02-12T12:12:21.553+05:30  INFO 13272 --- [main] o.s.b.w.embedded.tomcat.TomcatWebServer  : Tomcat initialized with port(s): 8080 (http)
2024-02-12T12:12:21.559+05:30  INFO 13272 --- [main] o.apache.catalina.core.StandardService   : Starting service [Tomcat]
2024-02-12T12:12:21.559+05:30  INFO 13272 --- [main] o.apache.catalina.core.StandardEngine    : Starting Servlet engine: [Apache Tomcat/10.1.18]
2024-02-12T12:12:21.640+05:30  INFO 13272 --- [main] o.a.c.c.C.[Tomcat].[localhost].[/]       : Initializing Spring embedded WebApplicationContext
2024-02-12T12:12:21.640+05:30  INFO 13272 --- [main] w.s.c.ServletWebServerApplicationContext : Root WebApplicationContext: initialization completed in 1035 ms
2024-02-12T12:12:21.750+05:30  INFO 13272 --- [main] o.hibernate.jpa.internal.util.LogHelper  : HHH000204: Processing PersistenceUnitInfo [name: default]
2024-02-12T12:12:21.788+05:30  INFO 13272 --- [main] org.hibernate.Version                    : HHH000412: Hibernate ORM core version 6.2.20.Final
2024-02-12T12:12:21.791+05:30  INFO 13272 --- [main] org.hibernate.cfg.Environment            : HHH000406: Using bytecode reflection optimizer
2024-02-12T12:12:21.964+05:30  INFO 13272 --- [main] o.s.o.j.p.SpringPersistenceUnitInfo      : No LoadTimeWeaver setup: ignoring JPA class transformer
2024-02-12T12:12:21.982+05:30  INFO 13272 --- [main] com.zaxxer.hikari.HikariDataSource       : HikariPool-1 - Starting...
2024-02-12T12:12:22.209+05:30  INFO 13272 --- [main] com.zaxxer.hikari.pool.HikariPool        : HikariPool-1 - Added connection com.mysql.cj.jdbc.ConnectionImpl@30a01dd8
2024-02-12T12:12:22.210+05:30  INFO 13272 --- [main] com.zaxxer.hikari.HikariDataSource       : HikariPool-1 - Start completed.
2024-02-12T12:12:22.243+05:30  WARN 13272 --- [main] org.hibernate.orm.deprecation            : HHH90000025: MySQL8Dialect does not need to be specified explicitly using 'hibernate.dialect' (remove the property setting and it will be selected by default)
2024-02-12T12:12:22.244+05:30  WARN 13272 --- [main] org.hibernate.orm.deprecation            : HHH90000026: MySQL8Dialect has been deprecated; use org.hibernate.dialect.MySQLDialect instead
2024-02-12T12:12:23.060+05:30  INFO 13272 --- [main] o.h.e.t.j.p.i.JtaPlatformInitiator       : HHH000489: No JTA platform available (set 'hibernate.transaction.jta.platform' to enable JTA platform integration)
2024-02-12T12:12:23.139+05:30  INFO 13272 --- [main] j.LocalContainerEntityManagerFactoryBean : Initialized JPA EntityManagerFactory for persistence unit 'default'
2024-02-12T12:12:23.468+05:30  INFO 13272 --- [main] o.s.d.j.r.query.QueryEnhancerFactory     : Hibernate is in classpath; If applicable, HQL parser will be used.
2024-02-12T12:12:23.997+05:30  WARN 13272 --- [main] JpaBaseConfiguration$JpaWebConfiguration : spring.jpa.open-in-view is enabled by default. Therefore, database queries may be performed during view rendering. Explicitly configure spring.jpa.open-in-view to disable this warning
2024-02-12T12:12:24.543+05:30  INFO 13272 --- [main] o.s.s.web.DefaultSecurityFilterChain     : Will secure any request with [org.springframework.security.web.session.DisableEncodeUrlFilter@19640d53, org.springframework.security.web.context.request.async.WebAsyncManagerIntegrationFilter@32f0a9c2, org.springframework.security.web.context.SecurityContextHolderFilter@789cdc12, org.springframework.security.web.header.HeaderWriterFilter@65227bd6, org.springframework.security.web.authentication.logout.LogoutFilter@2a4d34b2, com.hexaware.amazecare.filter.JwtAuthFilter@24ea71d, org.springframework.security.web.savedrequest.RequestCacheAwareFilter@1925be93, org.springframework.security.web.servletapi.SecurityContextHolderAwareRequestFilter@2ec3c213, org.springframework.security.web.authentication.AnonymousAuthenticationFilter@773bfe56, org.springframework.security.web.session.SessionManagementFilter@356285d9, org.springframework.security.web.access.ExceptionTranslationFilter@69c7b870, org.springframework.security.web.access.intercept.AuthorizationFilter@5a3e2035]
2024-02-12T12:12:24.775+05:30  INFO 13272 --- [main] o.s.b.w.embedded.tomcat.TomcatWebServer  : Tomcat started on port(s): 8080 (http) with context path ''
2024-02-12T12:12:24.782+05:30  INFO 13272 --- [main] c.h.amazecare.AmazeCareApplication       : Started AmazeCareApplication in 4.507 seconds (process running for 5.091)
2024-02-12T12:20:02.686+05:30  INFO 13272 --- [RMI TCP Connection(12)-127.0.0.1] inMXBeanRegistrar$SpringApplicationAdmin : Application shutdown requested.
2024-02-12T12:20:02.697+05:30  INFO 13272 --- [RMI TCP Connection(12)-127.0.0.1] o.apache.catalina.core.StandardService   : Stopping service [Tomcat]
2024-02-12T12:20:02.700+05:30  WARN 13272 --- [RMI TCP Connection(12)-127.0.0.1] o.a.c.loader.WebappClassLoaderBase       : The web application [ROOT] appears to have started a thread named [HikariPool-1 housekeeper] but has failed to stop it. This is very likely to create a memory leak. Stack trace of thread:
 java.base@17.0.9/jdk.internal.misc.Unsafe.park(Native Method)
 java.base@17.0.9/java.util.concurrent.locks.LockSupport.parkNanos(LockSupport.java:252)
 java.base@17.0.9/java.util.concurrent.locks.AbstractQueuedSynchronizer$ConditionObject.awaitNanos(AbstractQueuedSynchronizer.java:1672)
 java.base@17.0.9/java.util.concurrent.ScheduledThreadPoolExecutor$DelayedWorkQueue.take(ScheduledThreadPoolExecutor.java:1182)
 java.base@17.0.9/java.util.concurrent.ScheduledThreadPoolExecutor$DelayedWorkQueue.take(ScheduledThreadPoolExecutor.java:899)
 java.base@17.0.9/java.util.concurrent.ThreadPoolExecutor.getTask(ThreadPoolExecutor.java:1062)
 java.base@17.0.9/java.util.concurrent.ThreadPoolExecutor.runWorker(ThreadPoolExecutor.java:1122)
 java.base@17.0.9/java.util.concurrent.ThreadPoolExecutor$Worker.run(ThreadPoolExecutor.java:635)
 java.base@17.0.9/java.lang.Thread.run(Thread.java:840)
2024-02-12T12:20:02.705+05:30  INFO 13272 --- [RMI TCP Connection(12)-127.0.0.1] j.LocalContainerEntityManagerFactoryBean : Closing JPA EntityManagerFactory for persistence unit 'default'
2024-02-12T12:20:02.707+05:30  INFO 13272 --- [RMI TCP Connection(12)-127.0.0.1] com.zaxxer.hikari.HikariDataSource       : HikariPool-1 - Shutdown initiated...
2024-02-12T12:20:02.714+05:30  INFO 13272 --- [RMI TCP Connection(12)-127.0.0.1] com.zaxxer.hikari.HikariDataSource       : HikariPool-1 - Shutdown completed.
2024-02-12T12:20:04.667+05:30  INFO 9956 --- [main] c.h.amazecare.AmazeCareApplication       : Starting AmazeCareApplication using Java 17.0.9 with PID 9956 (F:\Hexaware\Jan_java FSD\Java code\AmazeCare\target\classes started by yadee in F:\Hexaware\Jan_java FSD\Java code\AmazeCare)
2024-02-12T12:20:04.669+05:30  INFO 9956 --- [main] c.h.amazecare.AmazeCareApplication       : No active profile set, falling back to 1 default profile: "default"
2024-02-12T12:20:05.208+05:30  INFO 9956 --- [main] .s.d.r.c.RepositoryConfigurationDelegate : Bootstrapping Spring Data JPA repositories in DEFAULT mode.
2024-02-12T12:20:05.260+05:30  INFO 9956 --- [main] .s.d.r.c.RepositoryConfigurationDelegate : Finished Spring Data repository scanning in 46 ms. Found 9 JPA repository interfaces.
2024-02-12T12:20:05.681+05:30  INFO 9956 --- [main] o.s.b.w.embedded.tomcat.TomcatWebServer  : Tomcat initialized with port(s): 8080 (http)
2024-02-12T12:20:05.687+05:30  INFO 9956 --- [main] o.apache.catalina.core.StandardService   : Starting service [Tomcat]
2024-02-12T12:20:05.687+05:30  INFO 9956 --- [main] o.apache.catalina.core.StandardEngine    : Starting Servlet engine: [Apache Tomcat/10.1.18]
2024-02-12T12:20:05.773+05:30  INFO 9956 --- [main] o.a.c.c.C.[Tomcat].[localhost].[/]       : Initializing Spring embedded WebApplicationContext
2024-02-12T12:20:05.773+05:30  INFO 9956 --- [main] w.s.c.ServletWebServerApplicationContext : Root WebApplicationContext: initialization completed in 1069 ms
2024-02-12T12:20:05.887+05:30  INFO 9956 --- [main] o.hibernate.jpa.internal.util.LogHelper  : HHH000204: Processing PersistenceUnitInfo [name: default]
2024-02-12T12:20:05.923+05:30  INFO 9956 --- [main] org.hibernate.Version                    : HHH000412: Hibernate ORM core version 6.2.20.Final
2024-02-12T12:20:05.925+05:30  INFO 9956 --- [main] org.hibernate.cfg.Environment            : HHH000406: Using bytecode reflection optimizer
2024-02-12T12:20:06.104+05:30  INFO 9956 --- [main] o.s.o.j.p.SpringPersistenceUnitInfo      : No LoadTimeWeaver setup: ignoring JPA class transformer
2024-02-12T12:20:06.123+05:30  INFO 9956 --- [main] com.zaxxer.hikari.HikariDataSource       : HikariPool-1 - Starting...
2024-02-12T12:20:06.348+05:30  INFO 9956 --- [main] com.zaxxer.hikari.pool.HikariPool        : HikariPool-1 - Added connection com.mysql.cj.jdbc.ConnectionImpl@5df7a065
2024-02-12T12:20:06.349+05:30  INFO 9956 --- [main] com.zaxxer.hikari.HikariDataSource       : HikariPool-1 - Start completed.
2024-02-12T12:20:06.382+05:30  WARN 9956 --- [main] org.hibernate.orm.deprecation            : HHH90000025: MySQL8Dialect does not need to be specified explicitly using 'hibernate.dialect' (remove the property setting and it will be selected by default)
2024-02-12T12:20:06.383+05:30  WARN 9956 --- [main] org.hibernate.orm.deprecation            : HHH90000026: MySQL8Dialect has been deprecated; use org.hibernate.dialect.MySQLDialect instead
2024-02-12T12:20:07.176+05:30  INFO 9956 --- [main] o.h.e.t.j.p.i.JtaPlatformInitiator       : HHH000489: No JTA platform available (set 'hibernate.transaction.jta.platform' to enable JTA platform integration)
2024-02-12T12:20:07.259+05:30  INFO 9956 --- [main] j.LocalContainerEntityManagerFactoryBean : Initialized JPA EntityManagerFactory for persistence unit 'default'
2024-02-12T12:20:07.594+05:30  INFO 9956 --- [main] o.s.d.j.r.query.QueryEnhancerFactory     : Hibernate is in classpath; If applicable, HQL parser will be used.
2024-02-12T12:20:08.129+05:30  WARN 9956 --- [main] JpaBaseConfiguration$JpaWebConfiguration : spring.jpa.open-in-view is enabled by default. Therefore, database queries may be performed during view rendering. Explicitly configure spring.jpa.open-in-view to disable this warning
2024-02-12T12:20:08.651+05:30  INFO 9956 --- [main] o.s.s.web.DefaultSecurityFilterChain     : Will secure any request with [org.springframework.security.web.session.DisableEncodeUrlFilter@5563630d, org.springframework.security.web.context.request.async.WebAsyncManagerIntegrationFilter@7d82eeb9, org.springframework.security.web.context.SecurityContextHolderFilter@79715834, org.springframework.security.web.header.HeaderWriterFilter@593fcbe7, org.springframework.security.web.authentication.logout.LogoutFilter@2b33553b, com.hexaware.amazecare.filter.JwtAuthFilter@383a5260, org.springframework.security.web.savedrequest.RequestCacheAwareFilter@72a80668, org.springframework.security.web.servletapi.SecurityContextHolderAwareRequestFilter@3108d1e1, org.springframework.security.web.authentication.AnonymousAuthenticationFilter@49afa057, org.springframework.security.web.session.SessionManagementFilter@1925be93, org.springframework.security.web.access.ExceptionTranslationFilter@68c7162b, org.springframework.security.web.access.intercept.AuthorizationFilter@773bfe56]
2024-02-12T12:20:08.893+05:30  INFO 9956 --- [main] o.s.b.w.embedded.tomcat.TomcatWebServer  : Tomcat started on port(s): 8080 (http) with context path ''
2024-02-12T12:20:08.899+05:30  INFO 9956 --- [main] c.h.amazecare.AmazeCareApplication       : Started AmazeCareApplication in 4.528 seconds (process running for 5.084)
2024-02-12T12:24:55.645+05:30  INFO 9956 --- [http-nio-8080-exec-1] o.a.c.c.C.[Tomcat].[localhost].[/]       : Initializing Spring DispatcherServlet 'dispatcherServlet'
2024-02-12T12:24:55.646+05:30  INFO 9956 --- [http-nio-8080-exec-1] o.s.web.servlet.DispatcherServlet        : Initializing Servlet 'dispatcherServlet'
2024-02-12T12:24:55.648+05:30  INFO 9956 --- [http-nio-8080-exec-1] o.s.web.servlet.DispatcherServlet        : Completed initialization in 2 ms
2024-02-12T12:24:55.723+05:30 ERROR 9956 --- [http-nio-8080-exec-1] o.a.c.c.C.[.[.[/].[dispatcherServlet]    : Servlet.service() for servlet [dispatcherServlet] in context with path [] threw exception

io.jsonwebtoken.ExpiredJwtException: JWT expired at 2024-02-12T06:53:34Z. Current time: 2024-02-12T06:54:55Z, a difference of 81721 milliseconds.  Allowed clock skew: 0 milliseconds.
	at io.jsonwebtoken.impl.DefaultJwtParser.parse(DefaultJwtParser.java:427) ~[jjwt-impl-0.11.5.jar:0.11.5]
	at io.jsonwebtoken.impl.DefaultJwtParser.parse(DefaultJwtParser.java:529) ~[jjwt-impl-0.11.5.jar:0.11.5]
	at io.jsonwebtoken.impl.DefaultJwtParser.parseClaimsJws(DefaultJwtParser.java:589) ~[jjwt-impl-0.11.5.jar:0.11.5]
	at io.jsonwebtoken.impl.ImmutableJwtParser.parseClaimsJws(ImmutableJwtParser.java:173) ~[jjwt-impl-0.11.5.jar:0.11.5]
	at com.hexaware.amazecare.service.JwtService.extractAllClaims(JwtService.java:49) ~[classes/:na]
	at com.hexaware.amazecare.service.JwtService.extractClaim(JwtService.java:55) ~[classes/:na]
	at com.hexaware.amazecare.service.JwtService.extractUsername(JwtService.java:62) ~[classes/:na]
	at com.hexaware.amazecare.filter.JwtAuthFilter.doFilterInternal(JwtAuthFilter.java:42) ~[classes/:na]
	at org.springframework.web.filter.OncePerRequestFilter.doFilter(OncePerRequestFilter.java:116) ~[spring-web-6.0.16.jar:6.0.16]
	at org.springframework.security.web.FilterChainProxy$VirtualFilterChain.doFilter(FilterChainProxy.java:374) ~[spring-security-web-6.1.6.jar:6.1.6]
	at org.springframework.security.web.authentication.logout.LogoutFilter.doFilter(LogoutFilter.java:107) ~[spring-security-web-6.1.6.jar:6.1.6]
	at org.springframework.security.web.authentication.logout.LogoutFilter.doFilter(LogoutFilter.java:93) ~[spring-security-web-6.1.6.jar:6.1.6]
	at org.springframework.security.web.FilterChainProxy$VirtualFilterChain.doFilter(FilterChainProxy.java:374) ~[spring-security-web-6.1.6.jar:6.1.6]
	at org.springframework.security.web.header.HeaderWriterFilter.doHeadersAfter(HeaderWriterFilter.java:90) ~[spring-security-web-6.1.6.jar:6.1.6]
	at org.springframework.security.web.header.HeaderWriterFilter.doFilterInternal(HeaderWriterFilter.java:75) ~[spring-security-web-6.1.6.jar:6.1.6]
	at org.springframework.web.filter.OncePerRequestFilter.doFilter(OncePerRequestFilter.java:116) ~[spring-web-6.0.16.jar:6.0.16]
	at org.springframework.security.web.FilterChainProxy$VirtualFilterChain.doFilter(FilterChainProxy.java:374) ~[spring-security-web-6.1.6.jar:6.1.6]
	at org.springframework.security.web.context.SecurityContextHolderFilter.doFilter(SecurityContextHolderFilter.java:82) ~[spring-security-web-6.1.6.jar:6.1.6]
	at org.springframework.security.web.context.SecurityContextHolderFilter.doFilter(SecurityContextHolderFilter.java:69) ~[spring-security-web-6.1.6.jar:6.1.6]
	at org.springframework.security.web.FilterChainProxy$VirtualFilterChain.doFilter(FilterChainProxy.java:374) ~[spring-security-web-6.1.6.jar:6.1.6]
	at org.springframework.security.web.context.request.async.WebAsyncManagerIntegrationFilter.doFilterInternal(WebAsyncManagerIntegrationFilter.java:62) ~[spring-security-web-6.1.6.jar:6.1.6]
	at org.springframework.web.filter.OncePerRequestFilter.doFilter(OncePerRequestFilter.java:116) ~[spring-web-6.0.16.jar:6.0.16]
	at org.springframework.security.web.FilterChainProxy$VirtualFilterChain.doFilter(FilterChainProxy.java:374) ~[spring-security-web-6.1.6.jar:6.1.6]
	at org.springframework.security.web.session.DisableEncodeUrlFilter.doFilterInternal(DisableEncodeUrlFilter.java:42) ~[spring-security-web-6.1.6.jar:6.1.6]
	at org.springframework.web.filter.OncePerRequestFilter.doFilter(OncePerRequestFilter.java:116) ~[spring-web-6.0.16.jar:6.0.16]
	at org.springframework.security.web.FilterChainProxy$VirtualFilterChain.doFilter(FilterChainProxy.java:374) ~[spring-security-web-6.1.6.jar:6.1.6]
	at org.springframework.security.web.FilterChainProxy.doFilterInternal(FilterChainProxy.java:233) ~[spring-security-web-6.1.6.jar:6.1.6]
	at org.springframework.security.web.FilterChainProxy.doFilter(FilterChainProxy.java:191) ~[spring-security-web-6.1.6.jar:6.1.6]
	at org.springframework.web.filter.CompositeFilter$VirtualFilterChain.doFilter(CompositeFilter.java:113) ~[spring-web-6.0.16.jar:6.0.16]
	at org.springframework.web.servlet.handler.HandlerMappingIntrospector.lambda$createCacheFilter$3(HandlerMappingIntrospector.java:195) ~[spring-webmvc-6.0.16.jar:6.0.16]
	at org.springframework.web.filter.CompositeFilter$VirtualFilterChain.doFilter(CompositeFilter.java:113) ~[spring-web-6.0.16.jar:6.0.16]
	at org.springframework.web.filter.CompositeFilter.doFilter(CompositeFilter.java:74) ~[spring-web-6.0.16.jar:6.0.16]
	at org.springframework.security.config.annotation.web.configuration.WebMvcSecurityConfiguration$CompositeFilterChainProxy.doFilter(WebMvcSecurityConfiguration.java:225) ~[spring-security-config-6.1.6.jar:6.1.6]
	at org.springframework.web.filter.DelegatingFilterProxy.invokeDelegate(DelegatingFilterProxy.java:352) ~[spring-web-6.0.16.jar:6.0.16]
	at org.springframework.web.filter.DelegatingFilterProxy.doFilter(DelegatingFilterProxy.java:268) ~[spring-web-6.0.16.jar:6.0.16]
	at org.apache.catalina.core.ApplicationFilterChain.internalDoFilter(ApplicationFilterChain.java:174) ~[tomcat-embed-core-10.1.18.jar:10.1.18]
	at org.apache.catalina.core.ApplicationFilterChain.doFilter(ApplicationFilterChain.java:149) ~[tomcat-embed-core-10.1.18.jar:10.1.18]
	at org.springframework.web.filter.RequestContextFilter.doFilterInternal(RequestContextFilter.java:100) ~[spring-web-6.0.16.jar:6.0.16]
	at org.springframework.web.filter.OncePerRequestFilter.doFilter(OncePerRequestFilter.java:116) ~[spring-web-6.0.16.jar:6.0.16]
	at org.apache.catalina.core.ApplicationFilterChain.internalDoFilter(ApplicationFilterChain.java:174) ~[tomcat-embed-core-10.1.18.jar:10.1.18]
	at org.apache.catalina.core.ApplicationFilterChain.doFilter(ApplicationFilterChain.java:149) ~[tomcat-embed-core-10.1.18.jar:10.1.18]
	at org.springframework.web.filter.FormContentFilter.doFilterInternal(FormContentFilter.java:93) ~[spring-web-6.0.16.jar:6.0.16]
	at org.springframework.web.filter.OncePerRequestFilter.doFilter(OncePerRequestFilter.java:116) ~[spring-web-6.0.16.jar:6.0.16]
	at org.apache.catalina.core.ApplicationFilterChain.internalDoFilter(ApplicationFilterChain.java:174) ~[tomcat-embed-core-10.1.18.jar:10.1.18]
	at org.apache.catalina.core.ApplicationFilterChain.doFilter(ApplicationFilterChain.java:149) ~[tomcat-embed-core-10.1.18.jar:10.1.18]
	at org.springframework.web.filter.CharacterEncodingFilter.doFilterInternal(CharacterEncodingFilter.java:201) ~[spring-web-6.0.16.jar:6.0.16]
	at org.springframework.web.filter.OncePerRequestFilter.doFilter(OncePerRequestFilter.java:116) ~[spring-web-6.0.16.jar:6.0.16]
	at org.apache.catalina.core.ApplicationFilterChain.internalDoFilter(ApplicationFilterChain.java:174) ~[tomcat-embed-core-10.1.18.jar:10.1.18]
	at org.apache.catalina.core.ApplicationFilterChain.doFilter(ApplicationFilterChain.java:149) ~[tomcat-embed-core-10.1.18.jar:10.1.18]
	at org.apache.catalina.core.StandardWrapperValve.invoke(StandardWrapperValve.java:167) ~[tomcat-embed-core-10.1.18.jar:10.1.18]
	at org.apache.catalina.core.StandardContextValve.invoke(StandardContextValve.java:90) ~[tomcat-embed-core-10.1.18.jar:10.1.18]
	at org.apache.catalina.authenticator.AuthenticatorBase.invoke(AuthenticatorBase.java:482) ~[tomcat-embed-core-10.1.18.jar:10.1.18]
	at org.apache.catalina.core.StandardHostValve.invoke(StandardHostValve.java:115) ~[tomcat-embed-core-10.1.18.jar:10.1.18]
	at org.apache.catalina.valves.ErrorReportValve.invoke(ErrorReportValve.java:93) ~[tomcat-embed-core-10.1.18.jar:10.1.18]
	at org.apache.catalina.core.StandardEngineValve.invoke(StandardEngineValve.java:74) ~[tomcat-embed-core-10.1.18.jar:10.1.18]
	at org.apache.catalina.connector.CoyoteAdapter.service(CoyoteAdapter.java:340) ~[tomcat-embed-core-10.1.18.jar:10.1.18]
	at org.apache.coyote.http11.Http11Processor.service(Http11Processor.java:391) ~[tomcat-embed-core-10.1.18.jar:10.1.18]
	at org.apache.coyote.AbstractProcessorLight.process(AbstractProcessorLight.java:63) ~[tomcat-embed-core-10.1.18.jar:10.1.18]
	at org.apache.coyote.AbstractProtocol$ConnectionHandler.process(AbstractProtocol.java:896) ~[tomcat-embed-core-10.1.18.jar:10.1.18]
	at org.apache.tomcat.util.net.NioEndpoint$SocketProcessor.doRun(NioEndpoint.java:1744) ~[tomcat-embed-core-10.1.18.jar:10.1.18]
	at org.apache.tomcat.util.net.SocketProcessorBase.run(SocketProcessorBase.java:52) ~[tomcat-embed-core-10.1.18.jar:10.1.18]
	at org.apache.tomcat.util.threads.ThreadPoolExecutor.runWorker(ThreadPoolExecutor.java:1191) ~[tomcat-embed-core-10.1.18.jar:10.1.18]
	at org.apache.tomcat.util.threads.ThreadPoolExecutor$Worker.run(ThreadPoolExecutor.java:659) ~[tomcat-embed-core-10.1.18.jar:10.1.18]
	at org.apache.tomcat.util.threads.TaskThread$WrappingRunnable.run(TaskThread.java:61) ~[tomcat-embed-core-10.1.18.jar:10.1.18]
	at java.base/java.lang.Thread.run(Thread.java:840) ~[na:na]

2024-02-12T12:25:33.001+05:30 ERROR 9956 --- [http-nio-8080-exec-4] o.a.c.c.C.[.[.[/].[dispatcherServlet]    : Servlet.service() for servlet [dispatcherServlet] in context with path [] threw exception

io.jsonwebtoken.ExpiredJwtException: JWT expired at 2024-02-12T06:53:34Z. Current time: 2024-02-12T06:55:33Z, a difference of 119001 milliseconds.  Allowed clock skew: 0 milliseconds.
	at io.jsonwebtoken.impl.DefaultJwtParser.parse(DefaultJwtParser.java:427) ~[jjwt-impl-0.11.5.jar:0.11.5]
	at io.jsonwebtoken.impl.DefaultJwtParser.parse(DefaultJwtParser.java:529) ~[jjwt-impl-0.11.5.jar:0.11.5]
	at io.jsonwebtoken.impl.DefaultJwtParser.parseClaimsJws(DefaultJwtParser.java:589) ~[jjwt-impl-0.11.5.jar:0.11.5]
	at io.jsonwebtoken.impl.ImmutableJwtParser.parseClaimsJws(ImmutableJwtParser.java:173) ~[jjwt-impl-0.11.5.jar:0.11.5]
	at com.hexaware.amazecare.service.JwtService.extractAllClaims(JwtService.java:49) ~[classes/:na]
	at com.hexaware.amazecare.service.JwtService.extractClaim(JwtService.java:55) ~[classes/:na]
	at com.hexaware.amazecare.service.JwtService.extractUsername(JwtService.java:62) ~[classes/:na]
	at com.hexaware.amazecare.filter.JwtAuthFilter.doFilterInternal(JwtAuthFilter.java:42) ~[classes/:na]
	at org.springframework.web.filter.OncePerRequestFilter.doFilter(OncePerRequestFilter.java:116) ~[spring-web-6.0.16.jar:6.0.16]
	at org.springframework.security.web.FilterChainProxy$VirtualFilterChain.doFilter(FilterChainProxy.java:374) ~[spring-security-web-6.1.6.jar:6.1.6]
	at org.springframework.security.web.authentication.logout.LogoutFilter.doFilter(LogoutFilter.java:107) ~[spring-security-web-6.1.6.jar:6.1.6]
	at org.springframework.security.web.authentication.logout.LogoutFilter.doFilter(LogoutFilter.java:93) ~[spring-security-web-6.1.6.jar:6.1.6]
	at org.springframework.security.web.FilterChainProxy$VirtualFilterChain.doFilter(FilterChainProxy.java:374) ~[spring-security-web-6.1.6.jar:6.1.6]
	at org.springframework.security.web.header.HeaderWriterFilter.doHeadersAfter(HeaderWriterFilter.java:90) ~[spring-security-web-6.1.6.jar:6.1.6]
	at org.springframework.security.web.header.HeaderWriterFilter.doFilterInternal(HeaderWriterFilter.java:75) ~[spring-security-web-6.1.6.jar:6.1.6]
	at org.springframework.web.filter.OncePerRequestFilter.doFilter(OncePerRequestFilter.java:116) ~[spring-web-6.0.16.jar:6.0.16]
	at org.springframework.security.web.FilterChainProxy$VirtualFilterChain.doFilter(FilterChainProxy.java:374) ~[spring-security-web-6.1.6.jar:6.1.6]
	at org.springframework.security.web.context.SecurityContextHolderFilter.doFilter(SecurityContextHolderFilter.java:82) ~[spring-security-web-6.1.6.jar:6.1.6]
	at org.springframework.security.web.context.SecurityContextHolderFilter.doFilter(SecurityContextHolderFilter.java:69) ~[spring-security-web-6.1.6.jar:6.1.6]
	at org.springframework.security.web.FilterChainProxy$VirtualFilterChain.doFilter(FilterChainProxy.java:374) ~[spring-security-web-6.1.6.jar:6.1.6]
	at org.springframework.security.web.context.request.async.WebAsyncManagerIntegrationFilter.doFilterInternal(WebAsyncManagerIntegrationFilter.java:62) ~[spring-security-web-6.1.6.jar:6.1.6]
	at org.springframework.web.filter.OncePerRequestFilter.doFilter(OncePerRequestFilter.java:116) ~[spring-web-6.0.16.jar:6.0.16]
	at org.springframework.security.web.FilterChainProxy$VirtualFilterChain.doFilter(FilterChainProxy.java:374) ~[spring-security-web-6.1.6.jar:6.1.6]
	at org.springframework.security.web.session.DisableEncodeUrlFilter.doFilterInternal(DisableEncodeUrlFilter.java:42) ~[spring-security-web-6.1.6.jar:6.1.6]
	at org.springframework.web.filter.OncePerRequestFilter.doFilter(OncePerRequestFilter.java:116) ~[spring-web-6.0.16.jar:6.0.16]
	at org.springframework.security.web.FilterChainProxy$VirtualFilterChain.doFilter(FilterChainProxy.java:374) ~[spring-security-web-6.1.6.jar:6.1.6]
	at org.springframework.security.web.FilterChainProxy.doFilterInternal(FilterChainProxy.java:233) ~[spring-security-web-6.1.6.jar:6.1.6]
	at org.springframework.security.web.FilterChainProxy.doFilter(FilterChainProxy.java:191) ~[spring-security-web-6.1.6.jar:6.1.6]
	at org.springframework.web.filter.CompositeFilter$VirtualFilterChain.doFilter(CompositeFilter.java:113) ~[spring-web-6.0.16.jar:6.0.16]
	at org.springframework.web.servlet.handler.HandlerMappingIntrospector.lambda$createCacheFilter$3(HandlerMappingIntrospector.java:195) ~[spring-webmvc-6.0.16.jar:6.0.16]
	at org.springframework.web.filter.CompositeFilter$VirtualFilterChain.doFilter(CompositeFilter.java:113) ~[spring-web-6.0.16.jar:6.0.16]
	at org.springframework.web.filter.CompositeFilter.doFilter(CompositeFilter.java:74) ~[spring-web-6.0.16.jar:6.0.16]
	at org.springframework.security.config.annotation.web.configuration.WebMvcSecurityConfiguration$CompositeFilterChainProxy.doFilter(WebMvcSecurityConfiguration.java:225) ~[spring-security-config-6.1.6.jar:6.1.6]
	at org.springframework.web.filter.DelegatingFilterProxy.invokeDelegate(DelegatingFilterProxy.java:352) ~[spring-web-6.0.16.jar:6.0.16]
	at org.springframework.web.filter.DelegatingFilterProxy.doFilter(DelegatingFilterProxy.java:268) ~[spring-web-6.0.16.jar:6.0.16]
	at org.apache.catalina.core.ApplicationFilterChain.internalDoFilter(ApplicationFilterChain.java:174) ~[tomcat-embed-core-10.1.18.jar:10.1.18]
	at org.apache.catalina.core.ApplicationFilterChain.doFilter(ApplicationFilterChain.java:149) ~[tomcat-embed-core-10.1.18.jar:10.1.18]
	at org.springframework.web.filter.RequestContextFilter.doFilterInternal(RequestContextFilter.java:100) ~[spring-web-6.0.16.jar:6.0.16]
	at org.springframework.web.filter.OncePerRequestFilter.doFilter(OncePerRequestFilter.java:116) ~[spring-web-6.0.16.jar:6.0.16]
	at org.apache.catalina.core.ApplicationFilterChain.internalDoFilter(ApplicationFilterChain.java:174) ~[tomcat-embed-core-10.1.18.jar:10.1.18]
	at org.apache.catalina.core.ApplicationFilterChain.doFilter(ApplicationFilterChain.java:149) ~[tomcat-embed-core-10.1.18.jar:10.1.18]
	at org.springframework.web.filter.FormContentFilter.doFilterInternal(FormContentFilter.java:93) ~[spring-web-6.0.16.jar:6.0.16]
	at org.springframework.web.filter.OncePerRequestFilter.doFilter(OncePerRequestFilter.java:116) ~[spring-web-6.0.16.jar:6.0.16]
	at org.apache.catalina.core.ApplicationFilterChain.internalDoFilter(ApplicationFilterChain.java:174) ~[tomcat-embed-core-10.1.18.jar:10.1.18]
	at org.apache.catalina.core.ApplicationFilterChain.doFilter(ApplicationFilterChain.java:149) ~[tomcat-embed-core-10.1.18.jar:10.1.18]
	at org.springframework.web.filter.CharacterEncodingFilter.doFilterInternal(CharacterEncodingFilter.java:201) ~[spring-web-6.0.16.jar:6.0.16]
	at org.springframework.web.filter.OncePerRequestFilter.doFilter(OncePerRequestFilter.java:116) ~[spring-web-6.0.16.jar:6.0.16]
	at org.apache.catalina.core.ApplicationFilterChain.internalDoFilter(ApplicationFilterChain.java:174) ~[tomcat-embed-core-10.1.18.jar:10.1.18]
	at org.apache.catalina.core.ApplicationFilterChain.doFilter(ApplicationFilterChain.java:149) ~[tomcat-embed-core-10.1.18.jar:10.1.18]
	at org.apache.catalina.core.StandardWrapperValve.invoke(StandardWrapperValve.java:167) ~[tomcat-embed-core-10.1.18.jar:10.1.18]
	at org.apache.catalina.core.StandardContextValve.invoke(StandardContextValve.java:90) ~[tomcat-embed-core-10.1.18.jar:10.1.18]
	at org.apache.catalina.authenticator.AuthenticatorBase.invoke(AuthenticatorBase.java:482) ~[tomcat-embed-core-10.1.18.jar:10.1.18]
	at org.apache.catalina.core.StandardHostValve.invoke(StandardHostValve.java:115) ~[tomcat-embed-core-10.1.18.jar:10.1.18]
	at org.apache.catalina.valves.ErrorReportValve.invoke(ErrorReportValve.java:93) ~[tomcat-embed-core-10.1.18.jar:10.1.18]
	at org.apache.catalina.core.StandardEngineValve.invoke(StandardEngineValve.java:74) ~[tomcat-embed-core-10.1.18.jar:10.1.18]
	at org.apache.catalina.connector.CoyoteAdapter.service(CoyoteAdapter.java:340) ~[tomcat-embed-core-10.1.18.jar:10.1.18]
	at org.apache.coyote.http11.Http11Processor.service(Http11Processor.java:391) ~[tomcat-embed-core-10.1.18.jar:10.1.18]
	at org.apache.coyote.AbstractProcessorLight.process(AbstractProcessorLight.java:63) ~[tomcat-embed-core-10.1.18.jar:10.1.18]
	at org.apache.coyote.AbstractProtocol$ConnectionHandler.process(AbstractProtocol.java:896) ~[tomcat-embed-core-10.1.18.jar:10.1.18]
	at org.apache.tomcat.util.net.NioEndpoint$SocketProcessor.doRun(NioEndpoint.java:1744) ~[tomcat-embed-core-10.1.18.jar:10.1.18]
	at org.apache.tomcat.util.net.SocketProcessorBase.run(SocketProcessorBase.java:52) ~[tomcat-embed-core-10.1.18.jar:10.1.18]
	at org.apache.tomcat.util.threads.ThreadPoolExecutor.runWorker(ThreadPoolExecutor.java:1191) ~[tomcat-embed-core-10.1.18.jar:10.1.18]
	at org.apache.tomcat.util.threads.ThreadPoolExecutor$Worker.run(ThreadPoolExecutor.java:659) ~[tomcat-embed-core-10.1.18.jar:10.1.18]
	at org.apache.tomcat.util.threads.TaskThread$WrappingRunnable.run(TaskThread.java:61) ~[tomcat-embed-core-10.1.18.jar:10.1.18]
	at java.base/java.lang.Thread.run(Thread.java:840) ~[na:na]

2024-02-12T12:26:28.104+05:30 ERROR 9956 --- [http-nio-8080-exec-3] o.a.c.c.C.[.[.[/].[dispatcherServlet]    : Servlet.service() for servlet [dispatcherServlet] in context with path [] threw exception

io.jsonwebtoken.ExpiredJwtException: JWT expired at 2024-02-12T06:53:34Z. Current time: 2024-02-12T06:56:28Z, a difference of 174103 milliseconds.  Allowed clock skew: 0 milliseconds.
	at io.jsonwebtoken.impl.DefaultJwtParser.parse(DefaultJwtParser.java:427) ~[jjwt-impl-0.11.5.jar:0.11.5]
	at io.jsonwebtoken.impl.DefaultJwtParser.parse(DefaultJwtParser.java:529) ~[jjwt-impl-0.11.5.jar:0.11.5]
	at io.jsonwebtoken.impl.DefaultJwtParser.parseClaimsJws(DefaultJwtParser.java:589) ~[jjwt-impl-0.11.5.jar:0.11.5]
	at io.jsonwebtoken.impl.ImmutableJwtParser.parseClaimsJws(ImmutableJwtParser.java:173) ~[jjwt-impl-0.11.5.jar:0.11.5]
	at com.hexaware.amazecare.service.JwtService.extractAllClaims(JwtService.java:49) ~[classes/:na]
	at com.hexaware.amazecare.service.JwtService.extractClaim(JwtService.java:55) ~[classes/:na]
	at com.hexaware.amazecare.service.JwtService.extractUsername(JwtService.java:62) ~[classes/:na]
	at com.hexaware.amazecare.filter.JwtAuthFilter.doFilterInternal(JwtAuthFilter.java:42) ~[classes/:na]
	at org.springframework.web.filter.OncePerRequestFilter.doFilter(OncePerRequestFilter.java:116) ~[spring-web-6.0.16.jar:6.0.16]
	at org.springframework.security.web.FilterChainProxy$VirtualFilterChain.doFilter(FilterChainProxy.java:374) ~[spring-security-web-6.1.6.jar:6.1.6]
	at org.springframework.security.web.authentication.logout.LogoutFilter.doFilter(LogoutFilter.java:107) ~[spring-security-web-6.1.6.jar:6.1.6]
	at org.springframework.security.web.authentication.logout.LogoutFilter.doFilter(LogoutFilter.java:93) ~[spring-security-web-6.1.6.jar:6.1.6]
	at org.springframework.security.web.FilterChainProxy$VirtualFilterChain.doFilter(FilterChainProxy.java:374) ~[spring-security-web-6.1.6.jar:6.1.6]
	at org.springframework.security.web.header.HeaderWriterFilter.doHeadersAfter(HeaderWriterFilter.java:90) ~[spring-security-web-6.1.6.jar:6.1.6]
	at org.springframework.security.web.header.HeaderWriterFilter.doFilterInternal(HeaderWriterFilter.java:75) ~[spring-security-web-6.1.6.jar:6.1.6]
	at org.springframework.web.filter.OncePerRequestFilter.doFilter(OncePerRequestFilter.java:116) ~[spring-web-6.0.16.jar:6.0.16]
	at org.springframework.security.web.FilterChainProxy$VirtualFilterChain.doFilter(FilterChainProxy.java:374) ~[spring-security-web-6.1.6.jar:6.1.6]
	at org.springframework.security.web.context.SecurityContextHolderFilter.doFilter(SecurityContextHolderFilter.java:82) ~[spring-security-web-6.1.6.jar:6.1.6]
	at org.springframework.security.web.context.SecurityContextHolderFilter.doFilter(SecurityContextHolderFilter.java:69) ~[spring-security-web-6.1.6.jar:6.1.6]
	at org.springframework.security.web.FilterChainProxy$VirtualFilterChain.doFilter(FilterChainProxy.java:374) ~[spring-security-web-6.1.6.jar:6.1.6]
	at org.springframework.security.web.context.request.async.WebAsyncManagerIntegrationFilter.doFilterInternal(WebAsyncManagerIntegrationFilter.java:62) ~[spring-security-web-6.1.6.jar:6.1.6]
	at org.springframework.web.filter.OncePerRequestFilter.doFilter(OncePerRequestFilter.java:116) ~[spring-web-6.0.16.jar:6.0.16]
	at org.springframework.security.web.FilterChainProxy$VirtualFilterChain.doFilter(FilterChainProxy.java:374) ~[spring-security-web-6.1.6.jar:6.1.6]
	at org.springframework.security.web.session.DisableEncodeUrlFilter.doFilterInternal(DisableEncodeUrlFilter.java:42) ~[spring-security-web-6.1.6.jar:6.1.6]
	at org.springframework.web.filter.OncePerRequestFilter.doFilter(OncePerRequestFilter.java:116) ~[spring-web-6.0.16.jar:6.0.16]
	at org.springframework.security.web.FilterChainProxy$VirtualFilterChain.doFilter(FilterChainProxy.java:374) ~[spring-security-web-6.1.6.jar:6.1.6]
	at org.springframework.security.web.FilterChainProxy.doFilterInternal(FilterChainProxy.java:233) ~[spring-security-web-6.1.6.jar:6.1.6]
	at org.springframework.security.web.FilterChainProxy.doFilter(FilterChainProxy.java:191) ~[spring-security-web-6.1.6.jar:6.1.6]
	at org.springframework.web.filter.CompositeFilter$VirtualFilterChain.doFilter(CompositeFilter.java:113) ~[spring-web-6.0.16.jar:6.0.16]
	at org.springframework.web.servlet.handler.HandlerMappingIntrospector.lambda$createCacheFilter$3(HandlerMappingIntrospector.java:195) ~[spring-webmvc-6.0.16.jar:6.0.16]
	at org.springframework.web.filter.CompositeFilter$VirtualFilterChain.doFilter(CompositeFilter.java:113) ~[spring-web-6.0.16.jar:6.0.16]
	at org.springframework.web.filter.CompositeFilter.doFilter(CompositeFilter.java:74) ~[spring-web-6.0.16.jar:6.0.16]
	at org.springframework.security.config.annotation.web.configuration.WebMvcSecurityConfiguration$CompositeFilterChainProxy.doFilter(WebMvcSecurityConfiguration.java:225) ~[spring-security-config-6.1.6.jar:6.1.6]
	at org.springframework.web.filter.DelegatingFilterProxy.invokeDelegate(DelegatingFilterProxy.java:352) ~[spring-web-6.0.16.jar:6.0.16]
	at org.springframework.web.filter.DelegatingFilterProxy.doFilter(DelegatingFilterProxy.java:268) ~[spring-web-6.0.16.jar:6.0.16]
	at org.apache.catalina.core.ApplicationFilterChain.internalDoFilter(ApplicationFilterChain.java:174) ~[tomcat-embed-core-10.1.18.jar:10.1.18]
	at org.apache.catalina.core.ApplicationFilterChain.doFilter(ApplicationFilterChain.java:149) ~[tomcat-embed-core-10.1.18.jar:10.1.18]
	at org.springframework.web.filter.RequestContextFilter.doFilterInternal(RequestContextFilter.java:100) ~[spring-web-6.0.16.jar:6.0.16]
	at org.springframework.web.filter.OncePerRequestFilter.doFilter(OncePerRequestFilter.java:116) ~[spring-web-6.0.16.jar:6.0.16]
	at org.apache.catalina.core.ApplicationFilterChain.internalDoFilter(ApplicationFilterChain.java:174) ~[tomcat-embed-core-10.1.18.jar:10.1.18]
	at org.apache.catalina.core.ApplicationFilterChain.doFilter(ApplicationFilterChain.java:149) ~[tomcat-embed-core-10.1.18.jar:10.1.18]
	at org.springframework.web.filter.FormContentFilter.doFilterInternal(FormContentFilter.java:93) ~[spring-web-6.0.16.jar:6.0.16]
	at org.springframework.web.filter.OncePerRequestFilter.doFilter(OncePerRequestFilter.java:116) ~[spring-web-6.0.16.jar:6.0.16]
	at org.apache.catalina.core.ApplicationFilterChain.internalDoFilter(ApplicationFilterChain.java:174) ~[tomcat-embed-core-10.1.18.jar:10.1.18]
	at org.apache.catalina.core.ApplicationFilterChain.doFilter(ApplicationFilterChain.java:149) ~[tomcat-embed-core-10.1.18.jar:10.1.18]
	at org.springframework.web.filter.CharacterEncodingFilter.doFilterInternal(CharacterEncodingFilter.java:201) ~[spring-web-6.0.16.jar:6.0.16]
	at org.springframework.web.filter.OncePerRequestFilter.doFilter(OncePerRequestFilter.java:116) ~[spring-web-6.0.16.jar:6.0.16]
	at org.apache.catalina.core.ApplicationFilterChain.internalDoFilter(ApplicationFilterChain.java:174) ~[tomcat-embed-core-10.1.18.jar:10.1.18]
	at org.apache.catalina.core.ApplicationFilterChain.doFilter(ApplicationFilterChain.java:149) ~[tomcat-embed-core-10.1.18.jar:10.1.18]
	at org.apache.catalina.core.StandardWrapperValve.invoke(StandardWrapperValve.java:167) ~[tomcat-embed-core-10.1.18.jar:10.1.18]
	at org.apache.catalina.core.StandardContextValve.invoke(StandardContextValve.java:90) ~[tomcat-embed-core-10.1.18.jar:10.1.18]
	at org.apache.catalina.authenticator.AuthenticatorBase.invoke(AuthenticatorBase.java:482) ~[tomcat-embed-core-10.1.18.jar:10.1.18]
	at org.apache.catalina.core.StandardHostValve.invoke(StandardHostValve.java:115) ~[tomcat-embed-core-10.1.18.jar:10.1.18]
	at org.apache.catalina.valves.ErrorReportValve.invoke(ErrorReportValve.java:93) ~[tomcat-embed-core-10.1.18.jar:10.1.18]
	at org.apache.catalina.core.StandardEngineValve.invoke(StandardEngineValve.java:74) ~[tomcat-embed-core-10.1.18.jar:10.1.18]
	at org.apache.catalina.connector.CoyoteAdapter.service(CoyoteAdapter.java:340) ~[tomcat-embed-core-10.1.18.jar:10.1.18]
	at org.apache.coyote.http11.Http11Processor.service(Http11Processor.java:391) ~[tomcat-embed-core-10.1.18.jar:10.1.18]
	at org.apache.coyote.AbstractProcessorLight.process(AbstractProcessorLight.java:63) ~[tomcat-embed-core-10.1.18.jar:10.1.18]
	at org.apache.coyote.AbstractProtocol$ConnectionHandler.process(AbstractProtocol.java:896) ~[tomcat-embed-core-10.1.18.jar:10.1.18]
	at org.apache.tomcat.util.net.NioEndpoint$SocketProcessor.doRun(NioEndpoint.java:1744) ~[tomcat-embed-core-10.1.18.jar:10.1.18]
	at org.apache.tomcat.util.net.SocketProcessorBase.run(SocketProcessorBase.java:52) ~[tomcat-embed-core-10.1.18.jar:10.1.18]
	at org.apache.tomcat.util.threads.ThreadPoolExecutor.runWorker(ThreadPoolExecutor.java:1191) ~[tomcat-embed-core-10.1.18.jar:10.1.18]
	at org.apache.tomcat.util.threads.ThreadPoolExecutor$Worker.run(ThreadPoolExecutor.java:659) ~[tomcat-embed-core-10.1.18.jar:10.1.18]
	at org.apache.tomcat.util.threads.TaskThread$WrappingRunnable.run(TaskThread.java:61) ~[tomcat-embed-core-10.1.18.jar:10.1.18]
	at java.base/java.lang.Thread.run(Thread.java:840) ~[na:na]

2024-02-12T12:28:18.354+05:30  INFO 9956 --- [RMI TCP Connection(10)-127.0.0.1] inMXBeanRegistrar$SpringApplicationAdmin : Application shutdown requested.
2024-02-12T12:28:18.365+05:30  INFO 9956 --- [RMI TCP Connection(10)-127.0.0.1] o.apache.catalina.core.StandardService   : Stopping service [Tomcat]
2024-02-12T12:28:18.366+05:30  INFO 9956 --- [RMI TCP Connection(10)-127.0.0.1] o.a.c.c.C.[Tomcat].[localhost].[/]       : Destroying Spring FrameworkServlet 'dispatcherServlet'
2024-02-12T12:28:18.368+05:30  WARN 9956 --- [RMI TCP Connection(10)-127.0.0.1] o.a.c.loader.WebappClassLoaderBase       : The web application [ROOT] appears to have started a thread named [HikariPool-1 housekeeper] but has failed to stop it. This is very likely to create a memory leak. Stack trace of thread:
 java.base@17.0.9/jdk.internal.misc.Unsafe.park(Native Method)
 java.base@17.0.9/java.util.concurrent.locks.LockSupport.parkNanos(LockSupport.java:252)
 java.base@17.0.9/java.util.concurrent.locks.AbstractQueuedSynchronizer$ConditionObject.awaitNanos(AbstractQueuedSynchronizer.java:1672)
 java.base@17.0.9/java.util.concurrent.ScheduledThreadPoolExecutor$DelayedWorkQueue.take(ScheduledThreadPoolExecutor.java:1182)
 java.base@17.0.9/java.util.concurrent.ScheduledThreadPoolExecutor$DelayedWorkQueue.take(ScheduledThreadPoolExecutor.java:899)
 java.base@17.0.9/java.util.concurrent.ThreadPoolExecutor.getTask(ThreadPoolExecutor.java:1062)
 java.base@17.0.9/java.util.concurrent.ThreadPoolExecutor.runWorker(ThreadPoolExecutor.java:1122)
 java.base@17.0.9/java.util.concurrent.ThreadPoolExecutor$Worker.run(ThreadPoolExecutor.java:635)
 java.base@17.0.9/java.lang.Thread.run(Thread.java:840)
2024-02-12T12:28:18.375+05:30  INFO 9956 --- [RMI TCP Connection(10)-127.0.0.1] j.LocalContainerEntityManagerFactoryBean : Closing JPA EntityManagerFactory for persistence unit 'default'
2024-02-12T12:28:18.376+05:30  INFO 9956 --- [RMI TCP Connection(10)-127.0.0.1] com.zaxxer.hikari.HikariDataSource       : HikariPool-1 - Shutdown initiated...
2024-02-12T12:28:18.383+05:30  INFO 9956 --- [RMI TCP Connection(10)-127.0.0.1] com.zaxxer.hikari.HikariDataSource       : HikariPool-1 - Shutdown completed.
2024-02-12T12:28:20.294+05:30  INFO 7892 --- [main] c.h.amazecare.AmazeCareApplication       : Starting AmazeCareApplication using Java 17.0.9 with PID 7892 (F:\Hexaware\Jan_java FSD\Java code\AmazeCare\target\classes started by yadee in F:\Hexaware\Jan_java FSD\Java code\AmazeCare)
2024-02-12T12:28:20.561+05:30  INFO 7892 --- [main] c.h.amazecare.AmazeCareApplication       : No active profile set, falling back to 1 default profile: "default"
2024-02-12T12:28:21.100+05:30  INFO 7892 --- [main] .s.d.r.c.RepositoryConfigurationDelegate : Bootstrapping Spring Data JPA repositories in DEFAULT mode.
2024-02-12T12:28:21.159+05:30  INFO 7892 --- [main] .s.d.r.c.RepositoryConfigurationDelegate : Finished Spring Data repository scanning in 53 ms. Found 9 JPA repository interfaces.
2024-02-12T12:28:21.570+05:30  INFO 7892 --- [main] o.s.b.w.embedded.tomcat.TomcatWebServer  : Tomcat initialized with port(s): 8080 (http)
2024-02-12T12:28:21.576+05:30  INFO 7892 --- [main] o.apache.catalina.core.StandardService   : Starting service [Tomcat]
2024-02-12T12:28:21.576+05:30  INFO 7892 --- [main] o.apache.catalina.core.StandardEngine    : Starting Servlet engine: [Apache Tomcat/10.1.18]
2024-02-12T12:28:21.657+05:30  INFO 7892 --- [main] o.a.c.c.C.[Tomcat].[localhost].[/]       : Initializing Spring embedded WebApplicationContext
2024-02-12T12:28:21.657+05:30  INFO 7892 --- [main] w.s.c.ServletWebServerApplicationContext : Root WebApplicationContext: initialization completed in 1065 ms
2024-02-12T12:28:21.761+05:30  INFO 7892 --- [main] o.hibernate.jpa.internal.util.LogHelper  : HHH000204: Processing PersistenceUnitInfo [name: default]
2024-02-12T12:28:21.796+05:30  INFO 7892 --- [main] org.hibernate.Version                    : HHH000412: Hibernate ORM core version 6.2.20.Final
2024-02-12T12:28:21.798+05:30  INFO 7892 --- [main] org.hibernate.cfg.Environment            : HHH000406: Using bytecode reflection optimizer
2024-02-12T12:28:21.980+05:30  INFO 7892 --- [main] o.s.o.j.p.SpringPersistenceUnitInfo      : No LoadTimeWeaver setup: ignoring JPA class transformer
2024-02-12T12:28:22.000+05:30  INFO 7892 --- [main] com.zaxxer.hikari.HikariDataSource       : HikariPool-1 - Starting...
2024-02-12T12:28:22.228+05:30  INFO 7892 --- [main] com.zaxxer.hikari.pool.HikariPool        : HikariPool-1 - Added connection com.mysql.cj.jdbc.ConnectionImpl@537b3be1
2024-02-12T12:28:22.230+05:30  INFO 7892 --- [main] com.zaxxer.hikari.HikariDataSource       : HikariPool-1 - Start completed.
2024-02-12T12:28:22.264+05:30  WARN 7892 --- [main] org.hibernate.orm.deprecation            : HHH90000025: MySQL8Dialect does not need to be specified explicitly using 'hibernate.dialect' (remove the property setting and it will be selected by default)
2024-02-12T12:28:22.265+05:30  WARN 7892 --- [main] org.hibernate.orm.deprecation            : HHH90000026: MySQL8Dialect has been deprecated; use org.hibernate.dialect.MySQLDialect instead
2024-02-12T12:28:23.067+05:30  INFO 7892 --- [main] o.h.e.t.j.p.i.JtaPlatformInitiator       : HHH000489: No JTA platform available (set 'hibernate.transaction.jta.platform' to enable JTA platform integration)
2024-02-12T12:28:23.144+05:30  INFO 7892 --- [main] j.LocalContainerEntityManagerFactoryBean : Initialized JPA EntityManagerFactory for persistence unit 'default'
2024-02-12T12:28:23.477+05:30  INFO 7892 --- [main] o.s.d.j.r.query.QueryEnhancerFactory     : Hibernate is in classpath; If applicable, HQL parser will be used.
2024-02-12T12:28:24.014+05:30  WARN 7892 --- [main] JpaBaseConfiguration$JpaWebConfiguration : spring.jpa.open-in-view is enabled by default. Therefore, database queries may be performed during view rendering. Explicitly configure spring.jpa.open-in-view to disable this warning
2024-02-12T12:28:24.519+05:30  INFO 7892 --- [main] o.s.s.web.DefaultSecurityFilterChain     : Will secure any request with [org.springframework.security.web.session.DisableEncodeUrlFilter@4fa78886, org.springframework.security.web.context.request.async.WebAsyncManagerIntegrationFilter@2a4d34b2, org.springframework.security.web.context.SecurityContextHolderFilter@1e4d3c2e, org.springframework.security.web.header.HeaderWriterFilter@24555012, org.springframework.security.web.authentication.logout.LogoutFilter@3817d886, com.hexaware.amazecare.filter.JwtAuthFilter@1b62ad1e, org.springframework.security.web.savedrequest.RequestCacheAwareFilter@4b13aca4, org.springframework.security.web.servletapi.SecurityContextHolderAwareRequestFilter@6cee6eb7, org.springframework.security.web.authentication.AnonymousAuthenticationFilter@3e1201dd, org.springframework.security.web.session.SessionManagementFilter@397fd951, org.springframework.security.web.access.ExceptionTranslationFilter@6ce07db6, org.springframework.security.web.access.intercept.AuthorizationFilter@65c6a7a]
2024-02-12T12:28:24.746+05:30  INFO 7892 --- [main] o.s.b.w.embedded.tomcat.TomcatWebServer  : Tomcat started on port(s): 8080 (http) with context path ''
2024-02-12T12:28:24.753+05:30  INFO 7892 --- [main] c.h.amazecare.AmazeCareApplication       : Started AmazeCareApplication in 4.746 seconds (process running for 5.297)
2024-02-12T12:28:39.545+05:30  INFO 7892 --- [http-nio-8080-exec-2] o.a.c.c.C.[Tomcat].[localhost].[/]       : Initializing Spring DispatcherServlet 'dispatcherServlet'
2024-02-12T12:28:39.545+05:30  INFO 7892 --- [http-nio-8080-exec-2] o.s.web.servlet.DispatcherServlet        : Initializing Servlet 'dispatcherServlet'
2024-02-12T12:28:39.546+05:30  INFO 7892 --- [http-nio-8080-exec-2] o.s.web.servlet.DispatcherServlet        : Completed initialization in 1 ms
2024-02-12T12:41:04.573+05:30  INFO 7892 --- [RMI TCP Connection(16)-127.0.0.1] inMXBeanRegistrar$SpringApplicationAdmin : Application shutdown requested.
2024-02-12T12:41:04.583+05:30  INFO 7892 --- [RMI TCP Connection(16)-127.0.0.1] o.apache.catalina.core.StandardService   : Stopping service [Tomcat]
2024-02-12T12:41:04.584+05:30  INFO 7892 --- [RMI TCP Connection(16)-127.0.0.1] o.a.c.c.C.[Tomcat].[localhost].[/]       : Destroying Spring FrameworkServlet 'dispatcherServlet'
2024-02-12T12:41:04.586+05:30  WARN 7892 --- [RMI TCP Connection(16)-127.0.0.1] o.a.c.loader.WebappClassLoaderBase       : The web application [ROOT] appears to have started a thread named [HikariPool-1 housekeeper] but has failed to stop it. This is very likely to create a memory leak. Stack trace of thread:
 java.base@17.0.9/jdk.internal.misc.Unsafe.park(Native Method)
 java.base@17.0.9/java.util.concurrent.locks.LockSupport.parkNanos(LockSupport.java:252)
 java.base@17.0.9/java.util.concurrent.locks.AbstractQueuedSynchronizer$ConditionObject.awaitNanos(AbstractQueuedSynchronizer.java:1672)
 java.base@17.0.9/java.util.concurrent.ScheduledThreadPoolExecutor$DelayedWorkQueue.take(ScheduledThreadPoolExecutor.java:1182)
 java.base@17.0.9/java.util.concurrent.ScheduledThreadPoolExecutor$DelayedWorkQueue.take(ScheduledThreadPoolExecutor.java:899)
 java.base@17.0.9/java.util.concurrent.ThreadPoolExecutor.getTask(ThreadPoolExecutor.java:1062)
 java.base@17.0.9/java.util.concurrent.ThreadPoolExecutor.runWorker(ThreadPoolExecutor.java:1122)
 java.base@17.0.9/java.util.concurrent.ThreadPoolExecutor$Worker.run(ThreadPoolExecutor.java:635)
 java.base@17.0.9/java.lang.Thread.run(Thread.java:840)
2024-02-12T12:41:04.592+05:30  INFO 7892 --- [RMI TCP Connection(16)-127.0.0.1] j.LocalContainerEntityManagerFactoryBean : Closing JPA EntityManagerFactory for persistence unit 'default'
2024-02-12T12:41:04.593+05:30  INFO 7892 --- [RMI TCP Connection(16)-127.0.0.1] com.zaxxer.hikari.HikariDataSource       : HikariPool-1 - Shutdown initiated...
2024-02-12T12:41:04.601+05:30  INFO 7892 --- [RMI TCP Connection(16)-127.0.0.1] com.zaxxer.hikari.HikariDataSource       : HikariPool-1 - Shutdown completed.
2024-02-12T12:41:06.602+05:30  INFO 9404 --- [main] c.h.amazecare.AmazeCareApplication       : Starting AmazeCareApplication using Java 17.0.9 with PID 9404 (F:\Hexaware\Jan_java FSD\Java code\AmazeCare\target\classes started by yadee in F:\Hexaware\Jan_java FSD\Java code\AmazeCare)
2024-02-12T12:41:06.604+05:30  INFO 9404 --- [main] c.h.amazecare.AmazeCareApplication       : No active profile set, falling back to 1 default profile: "default"
2024-02-12T12:41:07.132+05:30  INFO 9404 --- [main] .s.d.r.c.RepositoryConfigurationDelegate : Bootstrapping Spring Data JPA repositories in DEFAULT mode.
2024-02-12T12:41:07.187+05:30  INFO 9404 --- [main] .s.d.r.c.RepositoryConfigurationDelegate : Finished Spring Data repository scanning in 48 ms. Found 9 JPA repository interfaces.
2024-02-12T12:41:07.593+05:30  INFO 9404 --- [main] o.s.b.w.embedded.tomcat.TomcatWebServer  : Tomcat initialized with port(s): 8080 (http)
2024-02-12T12:41:07.600+05:30  INFO 9404 --- [main] o.apache.catalina.core.StandardService   : Starting service [Tomcat]
2024-02-12T12:41:07.600+05:30  INFO 9404 --- [main] o.apache.catalina.core.StandardEngine    : Starting Servlet engine: [Apache Tomcat/10.1.18]
2024-02-12T12:41:07.678+05:30  INFO 9404 --- [main] o.a.c.c.C.[Tomcat].[localhost].[/]       : Initializing Spring embedded WebApplicationContext
2024-02-12T12:41:07.678+05:30  INFO 9404 --- [main] w.s.c.ServletWebServerApplicationContext : Root WebApplicationContext: initialization completed in 1039 ms
2024-02-12T12:41:07.788+05:30  INFO 9404 --- [main] o.hibernate.jpa.internal.util.LogHelper  : HHH000204: Processing PersistenceUnitInfo [name: default]
2024-02-12T12:41:07.824+05:30  INFO 9404 --- [main] org.hibernate.Version                    : HHH000412: Hibernate ORM core version 6.2.20.Final
2024-02-12T12:41:07.826+05:30  INFO 9404 --- [main] org.hibernate.cfg.Environment            : HHH000406: Using bytecode reflection optimizer
2024-02-12T12:41:08.004+05:30  INFO 9404 --- [main] o.s.o.j.p.SpringPersistenceUnitInfo      : No LoadTimeWeaver setup: ignoring JPA class transformer
2024-02-12T12:41:08.024+05:30  INFO 9404 --- [main] com.zaxxer.hikari.HikariDataSource       : HikariPool-1 - Starting...
2024-02-12T12:41:08.254+05:30  INFO 9404 --- [main] com.zaxxer.hikari.pool.HikariPool        : HikariPool-1 - Added connection com.mysql.cj.jdbc.ConnectionImpl@4a890fdd
2024-02-12T12:41:08.255+05:30  INFO 9404 --- [main] com.zaxxer.hikari.HikariDataSource       : HikariPool-1 - Start completed.
2024-02-12T12:41:08.289+05:30  WARN 9404 --- [main] org.hibernate.orm.deprecation            : HHH90000025: MySQL8Dialect does not need to be specified explicitly using 'hibernate.dialect' (remove the property setting and it will be selected by default)
2024-02-12T12:41:08.290+05:30  WARN 9404 --- [main] org.hibernate.orm.deprecation            : HHH90000026: MySQL8Dialect has been deprecated; use org.hibernate.dialect.MySQLDialect instead
2024-02-12T12:41:09.094+05:30  INFO 9404 --- [main] o.h.e.t.j.p.i.JtaPlatformInitiator       : HHH000489: No JTA platform available (set 'hibernate.transaction.jta.platform' to enable JTA platform integration)
2024-02-12T12:41:09.169+05:30  INFO 9404 --- [main] j.LocalContainerEntityManagerFactoryBean : Initialized JPA EntityManagerFactory for persistence unit 'default'
2024-02-12T12:41:09.493+05:30  INFO 9404 --- [main] o.s.d.j.r.query.QueryEnhancerFactory     : Hibernate is in classpath; If applicable, HQL parser will be used.
2024-02-12T12:41:10.020+05:30  WARN 9404 --- [main] JpaBaseConfiguration$JpaWebConfiguration : spring.jpa.open-in-view is enabled by default. Therefore, database queries may be performed during view rendering. Explicitly configure spring.jpa.open-in-view to disable this warning
2024-02-12T12:41:10.571+05:30  INFO 9404 --- [main] o.s.s.web.DefaultSecurityFilterChain     : Will secure any request with [org.springframework.security.web.session.DisableEncodeUrlFilter@2b33553b, org.springframework.security.web.context.request.async.WebAsyncManagerIntegrationFilter@4ba62429, org.springframework.security.web.context.SecurityContextHolderFilter@1d891373, org.springframework.security.web.header.HeaderWriterFilter@64cde9a5, org.springframework.security.web.authentication.logout.LogoutFilter@17fe4f0f, com.hexaware.amazecare.filter.JwtAuthFilter@5b7d5eca, org.springframework.security.web.savedrequest.RequestCacheAwareFilter@356285d9, org.springframework.security.web.servletapi.SecurityContextHolderAwareRequestFilter@6409a49a, org.springframework.security.web.authentication.AnonymousAuthenticationFilter@5a3e2035, org.springframework.security.web.session.SessionManagementFilter@1bb59da3, org.springframework.security.web.access.ExceptionTranslationFilter@1d0e2c96, org.springframework.security.web.access.intercept.AuthorizationFilter@353ab9e5]
2024-02-12T12:41:10.830+05:30  INFO 9404 --- [main] o.s.b.w.embedded.tomcat.TomcatWebServer  : Tomcat started on port(s): 8080 (http) with context path ''
2024-02-12T12:41:10.838+05:30  INFO 9404 --- [main] c.h.amazecare.AmazeCareApplication       : Started AmazeCareApplication in 4.521 seconds (process running for 5.068)
2024-02-12T12:42:45.524+05:30  INFO 9404 --- [http-nio-8080-exec-3] o.a.c.c.C.[Tomcat].[localhost].[/]       : Initializing Spring DispatcherServlet 'dispatcherServlet'
2024-02-12T12:42:45.525+05:30  INFO 9404 --- [http-nio-8080-exec-3] o.s.web.servlet.DispatcherServlet        : Initializing Servlet 'dispatcherServlet'
2024-02-12T12:42:45.526+05:30  INFO 9404 --- [http-nio-8080-exec-3] o.s.web.servlet.DispatcherServlet        : Completed initialization in 1 ms
2024-02-12T12:44:38.059+05:30  INFO 9404 --- [http-nio-8080-exec-5] c.h.amazecare.service.PatientServiceImp  : Request initiated to schedule appointmnet for patient id: 0
2024-02-12T12:45:25.622+05:30  INFO 9404 --- [http-nio-8080-exec-6] c.h.amazecare.service.PatientServiceImp  : Request initiated to schedule appointmnet for patient id: 0
2024-02-12T12:45:25.626+05:30  INFO 9404 --- [http-nio-8080-exec-6] c.h.a.controller.PatientRestController   : Exception occured while scheduling appointment com.hexaware.amazecare.exception.DoctorNotFoundException: Doctor with id: 205 not found
2024-02-12T12:56:55.888+05:30  INFO 9404 --- [RMI TCP Connection(19)-127.0.0.1] inMXBeanRegistrar$SpringApplicationAdmin : Application shutdown requested.
2024-02-12T12:56:55.899+05:30  INFO 9404 --- [RMI TCP Connection(19)-127.0.0.1] o.apache.catalina.core.StandardService   : Stopping service [Tomcat]
2024-02-12T12:56:55.900+05:30  INFO 9404 --- [RMI TCP Connection(19)-127.0.0.1] o.a.c.c.C.[Tomcat].[localhost].[/]       : Destroying Spring FrameworkServlet 'dispatcherServlet'
2024-02-12T12:56:55.902+05:30  WARN 9404 --- [RMI TCP Connection(19)-127.0.0.1] o.a.c.loader.WebappClassLoaderBase       : The web application [ROOT] appears to have started a thread named [HikariPool-1 housekeeper] but has failed to stop it. This is very likely to create a memory leak. Stack trace of thread:
 java.base@17.0.9/jdk.internal.misc.Unsafe.park(Native Method)
 java.base@17.0.9/java.util.concurrent.locks.LockSupport.parkNanos(LockSupport.java:252)
 java.base@17.0.9/java.util.concurrent.locks.AbstractQueuedSynchronizer$ConditionObject.awaitNanos(AbstractQueuedSynchronizer.java:1672)
 java.base@17.0.9/java.util.concurrent.ScheduledThreadPoolExecutor$DelayedWorkQueue.take(ScheduledThreadPoolExecutor.java:1182)
 java.base@17.0.9/java.util.concurrent.ScheduledThreadPoolExecutor$DelayedWorkQueue.take(ScheduledThreadPoolExecutor.java:899)
 java.base@17.0.9/java.util.concurrent.ThreadPoolExecutor.getTask(ThreadPoolExecutor.java:1062)
 java.base@17.0.9/java.util.concurrent.ThreadPoolExecutor.runWorker(ThreadPoolExecutor.java:1122)
 java.base@17.0.9/java.util.concurrent.ThreadPoolExecutor$Worker.run(ThreadPoolExecutor.java:635)
 java.base@17.0.9/java.lang.Thread.run(Thread.java:840)
2024-02-12T12:56:55.908+05:30  INFO 9404 --- [RMI TCP Connection(19)-127.0.0.1] j.LocalContainerEntityManagerFactoryBean : Closing JPA EntityManagerFactory for persistence unit 'default'
2024-02-12T12:56:55.910+05:30  INFO 9404 --- [RMI TCP Connection(19)-127.0.0.1] com.zaxxer.hikari.HikariDataSource       : HikariPool-1 - Shutdown initiated...
2024-02-12T12:56:55.917+05:30  INFO 9404 --- [RMI TCP Connection(19)-127.0.0.1] com.zaxxer.hikari.HikariDataSource       : HikariPool-1 - Shutdown completed.
2024-02-12T12:56:57.949+05:30  INFO 12416 --- [main] c.h.amazecare.AmazeCareApplication       : Starting AmazeCareApplication using Java 17.0.9 with PID 12416 (F:\Hexaware\Jan_java FSD\Java code\AmazeCare\target\classes started by yadee in F:\Hexaware\Jan_java FSD\Java code\AmazeCare)
2024-02-12T12:56:57.951+05:30  INFO 12416 --- [main] c.h.amazecare.AmazeCareApplication       : No active profile set, falling back to 1 default profile: "default"
2024-02-12T12:56:58.473+05:30  INFO 12416 --- [main] .s.d.r.c.RepositoryConfigurationDelegate : Bootstrapping Spring Data JPA repositories in DEFAULT mode.
2024-02-12T12:56:58.527+05:30  INFO 12416 --- [main] .s.d.r.c.RepositoryConfigurationDelegate : Finished Spring Data repository scanning in 48 ms. Found 9 JPA repository interfaces.
2024-02-12T12:56:58.930+05:30  INFO 12416 --- [main] o.s.b.w.embedded.tomcat.TomcatWebServer  : Tomcat initialized with port(s): 8080 (http)
2024-02-12T12:56:58.935+05:30  INFO 12416 --- [main] o.apache.catalina.core.StandardService   : Starting service [Tomcat]
2024-02-12T12:56:58.936+05:30  INFO 12416 --- [main] o.apache.catalina.core.StandardEngine    : Starting Servlet engine: [Apache Tomcat/10.1.18]
2024-02-12T12:56:59.015+05:30  INFO 12416 --- [main] o.a.c.c.C.[Tomcat].[localhost].[/]       : Initializing Spring embedded WebApplicationContext
2024-02-12T12:56:59.016+05:30  INFO 12416 --- [main] w.s.c.ServletWebServerApplicationContext : Root WebApplicationContext: initialization completed in 1032 ms
2024-02-12T12:56:59.123+05:30  INFO 12416 --- [main] o.hibernate.jpa.internal.util.LogHelper  : HHH000204: Processing PersistenceUnitInfo [name: default]
2024-02-12T12:56:59.160+05:30  INFO 12416 --- [main] org.hibernate.Version                    : HHH000412: Hibernate ORM core version 6.2.20.Final
2024-02-12T12:56:59.161+05:30  INFO 12416 --- [main] org.hibernate.cfg.Environment            : HHH000406: Using bytecode reflection optimizer
2024-02-12T12:56:59.336+05:30  INFO 12416 --- [main] o.s.o.j.p.SpringPersistenceUnitInfo      : No LoadTimeWeaver setup: ignoring JPA class transformer
2024-02-12T12:56:59.355+05:30  INFO 12416 --- [main] com.zaxxer.hikari.HikariDataSource       : HikariPool-1 - Starting...
2024-02-12T12:56:59.585+05:30  INFO 12416 --- [main] com.zaxxer.hikari.pool.HikariPool        : HikariPool-1 - Added connection com.mysql.cj.jdbc.ConnectionImpl@3f45dfec
2024-02-12T12:56:59.587+05:30  INFO 12416 --- [main] com.zaxxer.hikari.HikariDataSource       : HikariPool-1 - Start completed.
2024-02-12T12:56:59.618+05:30  WARN 12416 --- [main] org.hibernate.orm.deprecation            : HHH90000025: MySQL8Dialect does not need to be specified explicitly using 'hibernate.dialect' (remove the property setting and it will be selected by default)
2024-02-12T12:56:59.619+05:30  WARN 12416 --- [main] org.hibernate.orm.deprecation            : HHH90000026: MySQL8Dialect has been deprecated; use org.hibernate.dialect.MySQLDialect instead
2024-02-12T12:57:00.412+05:30  INFO 12416 --- [main] o.h.e.t.j.p.i.JtaPlatformInitiator       : HHH000489: No JTA platform available (set 'hibernate.transaction.jta.platform' to enable JTA platform integration)
2024-02-12T12:57:00.493+05:30  INFO 12416 --- [main] j.LocalContainerEntityManagerFactoryBean : Initialized JPA EntityManagerFactory for persistence unit 'default'
2024-02-12T12:57:00.819+05:30  INFO 12416 --- [main] o.s.d.j.r.query.QueryEnhancerFactory     : Hibernate is in classpath; If applicable, HQL parser will be used.
2024-02-12T12:57:01.342+05:30  WARN 12416 --- [main] JpaBaseConfiguration$JpaWebConfiguration : spring.jpa.open-in-view is enabled by default. Therefore, database queries may be performed during view rendering. Explicitly configure spring.jpa.open-in-view to disable this warning
2024-02-12T12:57:01.868+05:30  INFO 12416 --- [main] o.s.s.web.DefaultSecurityFilterChain     : Will secure any request with [org.springframework.security.web.session.DisableEncodeUrlFilter@7d82eeb9, org.springframework.security.web.context.request.async.WebAsyncManagerIntegrationFilter@49afa057, org.springframework.security.web.context.SecurityContextHolderFilter@4d94b0af, org.springframework.security.web.header.HeaderWriterFilter@4b13aca4, org.springframework.security.web.authentication.logout.LogoutFilter@4ba62429, com.hexaware.amazecare.filter.JwtAuthFilter@4986b0ea, org.springframework.security.web.savedrequest.RequestCacheAwareFilter@42cb8174, org.springframework.security.web.servletapi.SecurityContextHolderAwareRequestFilter@59711ea7, org.springframework.security.web.authentication.AnonymousAuthenticationFilter@78b5b2f9, org.springframework.security.web.session.SessionManagementFilter@30a1e459, org.springframework.security.web.access.ExceptionTranslationFilter@1e4d3c2e, org.springframework.security.web.access.intercept.AuthorizationFilter@5bdde886]
2024-02-12T12:57:02.100+05:30  INFO 12416 --- [main] o.s.b.w.embedded.tomcat.TomcatWebServer  : Tomcat started on port(s): 8080 (http) with context path ''
2024-02-12T12:57:02.107+05:30  INFO 12416 --- [main] c.h.amazecare.AmazeCareApplication       : Started AmazeCareApplication in 4.434 seconds (process running for 4.973)
2024-02-12T12:57:18.102+05:30  INFO 12416 --- [http-nio-8080-exec-2] o.a.c.c.C.[Tomcat].[localhost].[/]       : Initializing Spring DispatcherServlet 'dispatcherServlet'
2024-02-12T12:57:18.102+05:30  INFO 12416 --- [http-nio-8080-exec-2] o.s.web.servlet.DispatcherServlet        : Initializing Servlet 'dispatcherServlet'
2024-02-12T12:57:18.103+05:30  INFO 12416 --- [http-nio-8080-exec-2] o.s.web.servlet.DispatcherServlet        : Completed initialization in 1 ms
2024-02-12T12:57:18.351+05:30  INFO 12416 --- [http-nio-8080-exec-2] c.h.amazecare.service.PatientServiceImp  : Request initiated to schedule appointmnet for patient id: 0
2024-02-12T12:59:09.808+05:30  INFO 12416 --- [RMI TCP Connection(4)-127.0.0.1] inMXBeanRegistrar$SpringApplicationAdmin : Application shutdown requested.
2024-02-12T12:59:09.817+05:30  INFO 12416 --- [RMI TCP Connection(4)-127.0.0.1] o.apache.catalina.core.StandardService   : Stopping service [Tomcat]
2024-02-12T12:59:09.818+05:30  INFO 12416 --- [RMI TCP Connection(4)-127.0.0.1] o.a.c.c.C.[Tomcat].[localhost].[/]       : Destroying Spring FrameworkServlet 'dispatcherServlet'
2024-02-12T12:59:09.820+05:30  WARN 12416 --- [RMI TCP Connection(4)-127.0.0.1] o.a.c.loader.WebappClassLoaderBase       : The web application [ROOT] appears to have started a thread named [HikariPool-1 housekeeper] but has failed to stop it. This is very likely to create a memory leak. Stack trace of thread:
 java.base@17.0.9/jdk.internal.misc.Unsafe.park(Native Method)
 java.base@17.0.9/java.util.concurrent.locks.LockSupport.parkNanos(LockSupport.java:252)
 java.base@17.0.9/java.util.concurrent.locks.AbstractQueuedSynchronizer$ConditionObject.awaitNanos(AbstractQueuedSynchronizer.java:1672)
 java.base@17.0.9/java.util.concurrent.ScheduledThreadPoolExecutor$DelayedWorkQueue.take(ScheduledThreadPoolExecutor.java:1182)
 java.base@17.0.9/java.util.concurrent.ScheduledThreadPoolExecutor$DelayedWorkQueue.take(ScheduledThreadPoolExecutor.java:899)
 java.base@17.0.9/java.util.concurrent.ThreadPoolExecutor.getTask(ThreadPoolExecutor.java:1062)
 java.base@17.0.9/java.util.concurrent.ThreadPoolExecutor.runWorker(ThreadPoolExecutor.java:1122)
 java.base@17.0.9/java.util.concurrent.ThreadPoolExecutor$Worker.run(ThreadPoolExecutor.java:635)
 java.base@17.0.9/java.lang.Thread.run(Thread.java:840)
2024-02-12T12:59:09.826+05:30  INFO 12416 --- [RMI TCP Connection(4)-127.0.0.1] j.LocalContainerEntityManagerFactoryBean : Closing JPA EntityManagerFactory for persistence unit 'default'
2024-02-12T12:59:09.827+05:30  INFO 12416 --- [RMI TCP Connection(4)-127.0.0.1] com.zaxxer.hikari.HikariDataSource       : HikariPool-1 - Shutdown initiated...
2024-02-12T12:59:09.834+05:30  INFO 12416 --- [RMI TCP Connection(4)-127.0.0.1] com.zaxxer.hikari.HikariDataSource       : HikariPool-1 - Shutdown completed.
2024-02-12T12:59:11.736+05:30  INFO 8752 --- [main] c.h.amazecare.AmazeCareApplication       : Starting AmazeCareApplication using Java 17.0.9 with PID 8752 (F:\Hexaware\Jan_java FSD\Java code\AmazeCare\target\classes started by yadee in F:\Hexaware\Jan_java FSD\Java code\AmazeCare)
2024-02-12T12:59:11.739+05:30  INFO 8752 --- [main] c.h.amazecare.AmazeCareApplication       : No active profile set, falling back to 1 default profile: "default"
2024-02-12T12:59:12.260+05:30  INFO 8752 --- [main] .s.d.r.c.RepositoryConfigurationDelegate : Bootstrapping Spring Data JPA repositories in DEFAULT mode.
2024-02-12T12:59:12.314+05:30  INFO 8752 --- [main] .s.d.r.c.RepositoryConfigurationDelegate : Finished Spring Data repository scanning in 48 ms. Found 9 JPA repository interfaces.
2024-02-12T12:59:12.707+05:30  INFO 8752 --- [main] o.s.b.w.embedded.tomcat.TomcatWebServer  : Tomcat initialized with port(s): 8080 (http)
2024-02-12T12:59:12.713+05:30  INFO 8752 --- [main] o.apache.catalina.core.StandardService   : Starting service [Tomcat]
2024-02-12T12:59:12.713+05:30  INFO 8752 --- [main] o.apache.catalina.core.StandardEngine    : Starting Servlet engine: [Apache Tomcat/10.1.18]
2024-02-12T12:59:12.792+05:30  INFO 8752 --- [main] o.a.c.c.C.[Tomcat].[localhost].[/]       : Initializing Spring embedded WebApplicationContext
2024-02-12T12:59:12.792+05:30  INFO 8752 --- [main] w.s.c.ServletWebServerApplicationContext : Root WebApplicationContext: initialization completed in 1018 ms
2024-02-12T12:59:12.893+05:30  INFO 8752 --- [main] o.hibernate.jpa.internal.util.LogHelper  : HHH000204: Processing PersistenceUnitInfo [name: default]
2024-02-12T12:59:12.928+05:30  INFO 8752 --- [main] org.hibernate.Version                    : HHH000412: Hibernate ORM core version 6.2.20.Final
2024-02-12T12:59:12.930+05:30  INFO 8752 --- [main] org.hibernate.cfg.Environment            : HHH000406: Using bytecode reflection optimizer
2024-02-12T12:59:13.102+05:30  INFO 8752 --- [main] o.s.o.j.p.SpringPersistenceUnitInfo      : No LoadTimeWeaver setup: ignoring JPA class transformer
2024-02-12T12:59:13.129+05:30  INFO 8752 --- [main] com.zaxxer.hikari.HikariDataSource       : HikariPool-1 - Starting...
2024-02-12T12:59:13.359+05:30  INFO 8752 --- [main] com.zaxxer.hikari.pool.HikariPool        : HikariPool-1 - Added connection com.mysql.cj.jdbc.ConnectionImpl@283e1759
2024-02-12T12:59:13.361+05:30  INFO 8752 --- [main] com.zaxxer.hikari.HikariDataSource       : HikariPool-1 - Start completed.
2024-02-12T12:59:13.393+05:30  WARN 8752 --- [main] org.hibernate.orm.deprecation            : HHH90000025: MySQL8Dialect does not need to be specified explicitly using 'hibernate.dialect' (remove the property setting and it will be selected by default)
2024-02-12T12:59:13.394+05:30  WARN 8752 --- [main] org.hibernate.orm.deprecation            : HHH90000026: MySQL8Dialect has been deprecated; use org.hibernate.dialect.MySQLDialect instead
2024-02-12T12:59:14.203+05:30  INFO 8752 --- [main] o.h.e.t.j.p.i.JtaPlatformInitiator       : HHH000489: No JTA platform available (set 'hibernate.transaction.jta.platform' to enable JTA platform integration)
2024-02-12T12:59:14.280+05:30  INFO 8752 --- [main] j.LocalContainerEntityManagerFactoryBean : Initialized JPA EntityManagerFactory for persistence unit 'default'
2024-02-12T12:59:14.599+05:30  INFO 8752 --- [main] o.s.d.j.r.query.QueryEnhancerFactory     : Hibernate is in classpath; If applicable, HQL parser will be used.
2024-02-12T12:59:15.117+05:30  WARN 8752 --- [main] JpaBaseConfiguration$JpaWebConfiguration : spring.jpa.open-in-view is enabled by default. Therefore, database queries may be performed during view rendering. Explicitly configure spring.jpa.open-in-view to disable this warning
2024-02-12T12:59:15.632+05:30  INFO 8752 --- [main] o.s.s.web.DefaultSecurityFilterChain     : Will secure any request with [org.springframework.security.web.session.DisableEncodeUrlFilter@52b2f795, org.springframework.security.web.context.request.async.WebAsyncManagerIntegrationFilter@6319ea75, org.springframework.security.web.context.SecurityContextHolderFilter@314e2b4b, org.springframework.security.web.header.HeaderWriterFilter@69c7b870, org.springframework.security.web.authentication.logout.LogoutFilter@2ac42ce6, com.hexaware.amazecare.filter.JwtAuthFilter@7ec729be, org.springframework.security.web.savedrequest.RequestCacheAwareFilter@789cdc12, org.springframework.security.web.servletapi.SecurityContextHolderAwareRequestFilter@1925be93, org.springframework.security.web.authentication.AnonymousAuthenticationFilter@19640d53, org.springframework.security.web.session.SessionManagementFilter@1d891373, org.springframework.security.web.access.ExceptionTranslationFilter@5efb3259, org.springframework.security.web.access.intercept.AuthorizationFilter@2b33553b]
2024-02-12T12:59:15.860+05:30  INFO 8752 --- [main] o.s.b.w.embedded.tomcat.TomcatWebServer  : Tomcat started on port(s): 8080 (http) with context path ''
2024-02-12T12:59:15.868+05:30  INFO 8752 --- [main] c.h.amazecare.AmazeCareApplication       : Started AmazeCareApplication in 4.42 seconds (process running for 4.979)
2024-02-12T12:59:32.174+05:30  INFO 8752 --- [http-nio-8080-exec-2] o.a.c.c.C.[Tomcat].[localhost].[/]       : Initializing Spring DispatcherServlet 'dispatcherServlet'
2024-02-12T12:59:32.175+05:30  INFO 8752 --- [http-nio-8080-exec-2] o.s.web.servlet.DispatcherServlet        : Initializing Servlet 'dispatcherServlet'
2024-02-12T12:59:32.176+05:30  INFO 8752 --- [http-nio-8080-exec-2] o.s.web.servlet.DispatcherServlet        : Completed initialization in 1 ms
2024-02-12T12:59:32.416+05:30  INFO 8752 --- [http-nio-8080-exec-2] c.h.amazecare.service.PatientServiceImp  : Request initiated to schedule appointmnet for patient id: 0
2024-02-12T13:00:02.533+05:30  INFO 8752 --- [RMI TCP Connection(4)-127.0.0.1] inMXBeanRegistrar$SpringApplicationAdmin : Application shutdown requested.
2024-02-12T13:00:02.542+05:30  INFO 8752 --- [RMI TCP Connection(4)-127.0.0.1] o.apache.catalina.core.StandardService   : Stopping service [Tomcat]
2024-02-12T13:00:02.543+05:30  INFO 8752 --- [RMI TCP Connection(4)-127.0.0.1] o.a.c.c.C.[Tomcat].[localhost].[/]       : Destroying Spring FrameworkServlet 'dispatcherServlet'
2024-02-12T13:00:02.545+05:30  WARN 8752 --- [RMI TCP Connection(4)-127.0.0.1] o.a.c.loader.WebappClassLoaderBase       : The web application [ROOT] appears to have started a thread named [HikariPool-1 housekeeper] but has failed to stop it. This is very likely to create a memory leak. Stack trace of thread:
 java.base@17.0.9/jdk.internal.misc.Unsafe.park(Native Method)
 java.base@17.0.9/java.util.concurrent.locks.LockSupport.parkNanos(LockSupport.java:252)
 java.base@17.0.9/java.util.concurrent.locks.AbstractQueuedSynchronizer$ConditionObject.awaitNanos(AbstractQueuedSynchronizer.java:1672)
 java.base@17.0.9/java.util.concurrent.ScheduledThreadPoolExecutor$DelayedWorkQueue.take(ScheduledThreadPoolExecutor.java:1182)
 java.base@17.0.9/java.util.concurrent.ScheduledThreadPoolExecutor$DelayedWorkQueue.take(ScheduledThreadPoolExecutor.java:899)
 java.base@17.0.9/java.util.concurrent.ThreadPoolExecutor.getTask(ThreadPoolExecutor.java:1062)
 java.base@17.0.9/java.util.concurrent.ThreadPoolExecutor.runWorker(ThreadPoolExecutor.java:1122)
 java.base@17.0.9/java.util.concurrent.ThreadPoolExecutor$Worker.run(ThreadPoolExecutor.java:635)
 java.base@17.0.9/java.lang.Thread.run(Thread.java:840)
2024-02-12T13:00:02.550+05:30  INFO 8752 --- [RMI TCP Connection(4)-127.0.0.1] j.LocalContainerEntityManagerFactoryBean : Closing JPA EntityManagerFactory for persistence unit 'default'
2024-02-12T13:00:02.552+05:30  INFO 8752 --- [RMI TCP Connection(4)-127.0.0.1] com.zaxxer.hikari.HikariDataSource       : HikariPool-1 - Shutdown initiated...
2024-02-12T13:00:02.558+05:30  INFO 8752 --- [RMI TCP Connection(4)-127.0.0.1] com.zaxxer.hikari.HikariDataSource       : HikariPool-1 - Shutdown completed.
